<?xml version="1.0" encoding="UTF-8" ?>
<testsuite tests="168" failures="0" name="com.cucumber.HoldenApplitoolsPOC.CompareLiveAUwithPreprodTest" time="3,326.812" errors="1" skipped="0">
  <properties>
[...]
</properties>
  <testcase classname="holdenAUApplitools[Data Row #: 0 ( For URL http:\/\/www.holden.com.au\/cars\/barina\/range\/cd#accessories)](com.cucumber.HoldenApplitoolsPOC.CompareLiveAUwithPreprodTest)" name="holdenAUApplitools[Data Row #: 0 " time="67.68"/>
  <testcase classname="holdenAUApplitools[Data Row #: 1 ( For URL http:\/\/www.holden.com.au\/cars\/barina\/range\/cd#features)](com.cucumber.HoldenApplitoolsPOC.CompareLiveAUwithPreprodTest)" name="holdenAUApplitools[Data Row #: 1 " time="13.77"/>
  <testcase classname="holdenAUApplitools[Data Row #: 2 ( For URL http:\/\/www.holden.com.au\/cars\/barina\/range\/cd#specifications)](com.cucumber.HoldenApplitoolsPOC.CompareLiveAUwithPreprodTest)" name="holdenAUApplitools[Data Row #: 2 " time="6.521"/>
  <testcase classname="holdenAUApplitools[Data Row #: 3 ( For URL http:\/\/www.holden.com.au\/cars\/barina\/range\/cdx#accessories)](com.cucumber.HoldenApplitoolsPOC.CompareLiveAUwithPreprodTest)" name="holdenAUApplitools[Data Row #: 3 " time="15.292"/>
  <testcase classname="holdenAUApplitools[Data Row #: 4 ( For URL http:\/\/www.holden.com.au\/cars\/barina\/range\/cdx#features)](com.cucumber.HoldenApplitoolsPOC.CompareLiveAUwithPreprodTest)" name="holdenAUApplitools[Data Row #: 4 " time="24.267"/>
  <testcase classname="holdenAUApplitools[Data Row #: 5 ( For URL http:\/\/www.holden.com.au\/cars\/barina\/range\/cdx#specifications)](com.cucumber.HoldenApplitoolsPOC.CompareLiveAUwithPreprodTest)" name="holdenAUApplitools[Data Row #: 5 " time="31.79"/>
  <testcase classname="holdenAUApplitools[Data Row #: 6 ( For URL http:\/\/www.holden.com.au\/cars\/barina\/range\/rs#accessories)](com.cucumber.HoldenApplitoolsPOC.CompareLiveAUwithPreprodTest)" name="holdenAUApplitools[Data Row #: 6 " time="27.068"/>
  <testcase classname="holdenAUApplitools[Data Row #: 7 ( For URL http:\/\/www.holden.com.au\/cars\/barina\/range\/rs#features)](com.cucumber.HoldenApplitoolsPOC.CompareLiveAUwithPreprodTest)" name="holdenAUApplitools[Data Row #: 7 " time="6.106"/>
  <testcase classname="holdenAUApplitools[Data Row #: 8 ( For URL http:\/\/www.holden.com.au\/cars\/barina\/range\/rs#specifications)](com.cucumber.HoldenApplitoolsPOC.CompareLiveAUwithPreprodTest)" name="holdenAUApplitools[Data Row #: 8 " time="6.215"/>
  <testcase classname="holdenAUApplitools[Data Row #: 9 ( For URL http:\/\/www.holden.com.au\/cars\/barina-spark\/range\/accessories)](com.cucumber.HoldenApplitoolsPOC.CompareLiveAUwithPreprodTest)" name="holdenAUApplitools[Data Row #: 9 " time="22.667"/>
  <testcase classname="holdenAUApplitools[Data Row #: 10 ( For URL http:\/\/www.holden.com.au\/cars\/barina-spark\/range\/features)](com.cucumber.HoldenApplitoolsPOC.CompareLiveAUwithPreprodTest)" name="holdenAUApplitools[Data Row #: 10 " time="22.956"/>
  <testcase classname="holdenAUApplitools[Data Row #: 11 ( For URL http:\/\/www.holden.com.au\/cars\/barina-spark\/range\/specifications)](com.cucumber.HoldenApplitoolsPOC.CompareLiveAUwithPreprodTest)" name="holdenAUApplitools[Data Row #: 11 " time="17.149"/>
  <testcase classname="holdenAUApplitools[Data Row #: 12 ( For URL http:\/\/www.holden.com.au\/cars\/caprice\/range\/caprice-v#accessories)](com.cucumber.HoldenApplitoolsPOC.CompareLiveAUwithPreprodTest)" name="holdenAUApplitools[Data Row #: 12 " time="21.532"/>
  <testcase classname="holdenAUApplitools[Data Row #: 13 ( For URL http:\/\/www.holden.com.au\/cars\/caprice\/range\/caprice-v#features)](com.cucumber.HoldenApplitoolsPOC.CompareLiveAUwithPreprodTest)" name="holdenAUApplitools[Data Row #: 13 " time="27.033"/>
  <testcase classname="holdenAUApplitools[Data Row #: 14 ( For URL http:\/\/www.holden.com.au\/cars\/caprice\/range\/caprice-v#specifications)](com.cucumber.HoldenApplitoolsPOC.CompareLiveAUwithPreprodTest)" name="holdenAUApplitools[Data Row #: 14 " time="6.659"/>
  <testcase classname="holdenAUApplitools[Data Row #: 15 ( For URL http:\/\/www.holden.com.au\/cars\/captiva-5\/range\/accessories)](com.cucumber.HoldenApplitoolsPOC.CompareLiveAUwithPreprodTest)" name="holdenAUApplitools[Data Row #: 15 " time="17.096"/>
  <testcase classname="holdenAUApplitools[Data Row #: 16 ( For URL http:\/\/www.holden.com.au\/cars\/captiva-5\/range\/features)](com.cucumber.HoldenApplitoolsPOC.CompareLiveAUwithPreprodTest)" name="holdenAUApplitools[Data Row #: 16 " time="21.474"/>
  <testcase classname="holdenAUApplitools[Data Row #: 17 ( For URL http:\/\/www.holden.com.au\/cars\/captiva-5\/range\/specifications)](com.cucumber.HoldenApplitoolsPOC.CompareLiveAUwithPreprodTest)" name="holdenAUApplitools[Data Row #: 17 " time="21.008"/>
  <testcase classname="holdenAUApplitools[Data Row #: 18 ( For URL http:\/\/www.holden.com.au\/cars\/captiva-7\/range\/ls#accessories)](com.cucumber.HoldenApplitoolsPOC.CompareLiveAUwithPreprodTest)" name="holdenAUApplitools[Data Row #: 18 " time="5.745">
    <error message="Couldn&apos;t scroll to the top/left of the frame!" type="com.applitools.eyes.EyesException">com.applitools.eyes.EyesException: Couldn&apos;t scroll to the top/left of the frame!
	at com.applitools.eyes.EyesWebDriver.getStitchedRegion(EyesWebDriver.java:602)
	at com.applitools.eyes.EyesWebDriver.getFullPageScreenshot(EyesWebDriver.java:719)
	at com.applitools.eyes.Eyes.getScreenshot(Eyes.java:1105)
	at com.applitools.eyes.EyesBase.getAppOutputWithScreenshot(EyesBase.java:1083)
	at com.applitools.eyes.EyesBase.access$000(EyesBase.java:18)
	at com.applitools.eyes.EyesBase$1.getAppOutput(EyesBase.java:745)
	at com.applitools.eyes.MatchWindowTask.matchWindow(MatchWindowTask.java:125)
	at com.applitools.eyes.EyesBase.checkWindowBase(EyesBase.java:753)
	at com.applitools.eyes.Eyes.checkWindow(Eyes.java:189)
	at com.applitools.eyes.Eyes.checkWindow(Eyes.java:165)
	at com.cucumber.HoldenApplitoolsPOC.CompareLiveAUwithPreprodTest.holdenAUApplitools(CompareLiveAUwithPreprodTest.java:75)
	at sun.reflect.GeneratedMethodAccessor17.invoke(Unknown Source)
	at sun.reflect.DelegatingMethodAccessorImpl.invoke(Unknown Source)
	at java.lang.reflect.Method.invoke(Unknown Source)
	at org.junit.runners.model.FrameworkMethod$1.runReflectiveCall(FrameworkMethod.java:47)
	at org.junit.internal.runners.model.ReflectiveCallable.run(ReflectiveCallable.java:12)
	at org.junit.runners.model.FrameworkMethod.invokeExplosively(FrameworkMethod.java:44)
	at org.junit.internal.runners.statements.InvokeMethod.evaluate(InvokeMethod.java:17)
	at org.junit.runners.ParentRunner.runLeaf(ParentRunner.java:271)
	at org.junit.runners.BlockJUnit4ClassRunner.runChild(BlockJUnit4ClassRunner.java:70)
	at org.junit.runners.BlockJUnit4ClassRunner.runChild(BlockJUnit4ClassRunner.java:50)
	at org.junit.runners.ParentRunner$3.run(ParentRunner.java:238)
	at org.junit.runners.ParentRunner$1.schedule(ParentRunner.java:63)
	at org.junit.runners.ParentRunner.runChildren(ParentRunner.java:236)
	at org.junit.runners.ParentRunner.access$000(ParentRunner.java:53)
	at org.junit.runners.ParentRunner$2.evaluate(ParentRunner.java:229)
	at org.junit.runners.ParentRunner.run(ParentRunner.java:309)
	at org.junit.runners.Suite.runChild(Suite.java:127)
	at org.junit.runners.Suite.runChild(Suite.java:26)
	at org.junit.runners.ParentRunner$3.run(ParentRunner.java:238)
	at org.junit.runners.ParentRunner$1.schedule(ParentRunner.java:63)
	at org.junit.runners.ParentRunner.runChildren(ParentRunner.java:236)
	at org.junit.runners.ParentRunner.access$000(ParentRunner.java:53)
	at org.junit.runners.ParentRunner$2.evaluate(ParentRunner.java:229)
	at org.junit.internal.runners.statements.RunBefores.evaluate(RunBefores.java:26)
	at org.junit.internal.runners.statements.RunAfters.evaluate(RunAfters.java:27)
	at org.junit.runners.ParentRunner.run(ParentRunner.java:309)
	at org.apache.maven.surefire.junit4.JUnit4TestSet.execute(JUnit4TestSet.java:53)
	at org.apache.maven.surefire.junit4.JUnit4Provider.executeTestSet(JUnit4Provider.java:123)
	at org.apache.maven.surefire.junit4.JUnit4Provider.invoke(JUnit4Provider.java:104)
	at sun.reflect.NativeMethodAccessorImpl.invoke0(Native Method)
	at sun.reflect.NativeMethodAccessorImpl.invoke(Unknown Source)
	at sun.reflect.DelegatingMethodAccessorImpl.invoke(Unknown Source)
	at java.lang.reflect.Method.invoke(Unknown Source)
	at org.apache.maven.surefire.util.ReflectionUtils.invokeMethodWithArray(ReflectionUtils.java:164)
	at org.apache.maven.surefire.booter.ProviderFactory$ProviderProxy.invoke(ProviderFactory.java:110)
	at org.apache.maven.surefire.booter.SurefireStarter.invokeProvider(SurefireStarter.java:175)
	at org.apache.maven.surefire.booter.SurefireStarter.runSuitesInProcessWhenForked(SurefireStarter.java:107)
	at org.apache.maven.surefire.booter.ForkedBooter.main(ForkedBooter.java:68)
</error>
  </testcase>
  <testcase classname="holdenAUApplitools[Data Row #: 19 ( For URL http:\/\/www.holden.com.au\/cars\/captiva-7\/range\/ls#features)](com.cucumber.HoldenApplitoolsPOC.CompareLiveAUwithPreprodTest)" name="holdenAUApplitools[Data Row #: 19 " time="29.323"/>
  <testcase classname="holdenAUApplitools[Data Row #: 20 ( For URL http:\/\/www.holden.com.au\/cars\/captiva-7\/range\/ls#specifications)](com.cucumber.HoldenApplitoolsPOC.CompareLiveAUwithPreprodTest)" name="holdenAUApplitools[Data Row #: 20 " time="33.472"/>
  <testcase classname="holdenAUApplitools[Data Row #: 21 ( For URL http:\/\/www.holden.com.au\/cars\/captiva-7\/range\/lt#accessories)](com.cucumber.HoldenApplitoolsPOC.CompareLiveAUwithPreprodTest)" name="holdenAUApplitools[Data Row #: 21 " time="30.863"/>
  <testcase classname="holdenAUApplitools[Data Row #: 22 ( For URL http:\/\/www.holden.com.au\/cars\/captiva-7\/range\/lt#features)](com.cucumber.HoldenApplitoolsPOC.CompareLiveAUwithPreprodTest)" name="holdenAUApplitools[Data Row #: 22 " time="6.196"/>
  <testcase classname="holdenAUApplitools[Data Row #: 23 ( For URL http:\/\/www.holden.com.au\/cars\/captiva-7\/range\/lt#specifications)](com.cucumber.HoldenApplitoolsPOC.CompareLiveAUwithPreprodTest)" name="holdenAUApplitools[Data Row #: 23 " time="6.233"/>
  <testcase classname="holdenAUApplitools[Data Row #: 24 ( For URL http:\/\/www.holden.com.au\/cars\/captiva-7\/range\/ltz#accessories)](com.cucumber.HoldenApplitoolsPOC.CompareLiveAUwithPreprodTest)" name="holdenAUApplitools[Data Row #: 24 " time="9.741"/>
  <testcase classname="holdenAUApplitools[Data Row #: 25 ( For URL http:\/\/www.holden.com.au\/cars\/captiva-7\/range\/ltz#features)](com.cucumber.HoldenApplitoolsPOC.CompareLiveAUwithPreprodTest)" name="holdenAUApplitools[Data Row #: 25 " time="7.204"/>
  <testcase classname="holdenAUApplitools[Data Row #: 26 ( For URL http:\/\/www.holden.com.au\/cars\/captiva-7\/range\/ltz#specifications)](com.cucumber.HoldenApplitoolsPOC.CompareLiveAUwithPreprodTest)" name="holdenAUApplitools[Data Row #: 26 " time="6.992"/>
  <testcase classname="holdenAUApplitools[Data Row #: 27 ( For URL http:\/\/www.holden.com.au\/cars\/colorado\/4x2-range\/crew-cab-chassis-ls#accessories)](com.cucumber.HoldenApplitoolsPOC.CompareLiveAUwithPreprodTest)" name="holdenAUApplitools[Data Row #: 27 " time="27.365"/>
  <testcase classname="holdenAUApplitools[Data Row #: 28 ( For URL http:\/\/www.holden.com.au\/cars\/colorado\/4x2-range\/crew-cab-chassis-ls#features)](com.cucumber.HoldenApplitoolsPOC.CompareLiveAUwithPreprodTest)" name="holdenAUApplitools[Data Row #: 28 " time="9.332"/>
  <testcase classname="holdenAUApplitools[Data Row #: 29 ( For URL http:\/\/www.holden.com.au\/cars\/colorado\/4x2-range\/crew-cab-chassis-ls#specifications)](com.cucumber.HoldenApplitoolsPOC.CompareLiveAUwithPreprodTest)" name="holdenAUApplitools[Data Row #: 29 " time="9.818"/>
  <testcase classname="holdenAUApplitools[Data Row #: 30 ( For URL http:\/\/www.holden.com.au\/cars\/colorado\/4x2-range\/crew-cab-pickup-ls#accessories)](com.cucumber.HoldenApplitoolsPOC.CompareLiveAUwithPreprodTest)" name="holdenAUApplitools[Data Row #: 30 " time="15.436"/>
  <testcase classname="holdenAUApplitools[Data Row #: 31 ( For URL http:\/\/www.holden.com.au\/cars\/colorado\/4x2-range\/crew-cab-pickup-ls#features)](com.cucumber.HoldenApplitoolsPOC.CompareLiveAUwithPreprodTest)" name="holdenAUApplitools[Data Row #: 31 " time="5.688"/>
  <testcase classname="holdenAUApplitools[Data Row #: 32 ( For URL http:\/\/www.holden.com.au\/cars\/colorado\/4x2-range\/crew-cab-pickup-ls#specifications)](com.cucumber.HoldenApplitoolsPOC.CompareLiveAUwithPreprodTest)" name="holdenAUApplitools[Data Row #: 32 " time="5.857"/>
  <testcase classname="holdenAUApplitools[Data Row #: 33 ( For URL http:\/\/www.holden.com.au\/cars\/colorado\/4x2-range\/crew-cab-pickup-lt#accessories)](com.cucumber.HoldenApplitoolsPOC.CompareLiveAUwithPreprodTest)" name="holdenAUApplitools[Data Row #: 33 " time="17.182"/>
  <testcase classname="holdenAUApplitools[Data Row #: 34 ( For URL http:\/\/www.holden.com.au\/cars\/colorado\/4x2-range\/crew-cab-pickup-lt#features)](com.cucumber.HoldenApplitoolsPOC.CompareLiveAUwithPreprodTest)" name="holdenAUApplitools[Data Row #: 34 " time="5.732"/>
  <testcase classname="holdenAUApplitools[Data Row #: 35 ( For URL http:\/\/www.holden.com.au\/cars\/colorado\/4x2-range\/crew-cab-pickup-lt#specifications)](com.cucumber.HoldenApplitoolsPOC.CompareLiveAUwithPreprodTest)" name="holdenAUApplitools[Data Row #: 35 " time="5.708"/>
  <testcase classname="holdenAUApplitools[Data Row #: 36 ( For URL http:\/\/www.holden.com.au\/cars\/colorado\/4x2-range\/crew-cab-pickup-ltz#accessories)](com.cucumber.HoldenApplitoolsPOC.CompareLiveAUwithPreprodTest)" name="holdenAUApplitools[Data Row #: 36 " time="16.42"/>
  <testcase classname="holdenAUApplitools[Data Row #: 37 ( For URL http:\/\/www.holden.com.au\/cars\/colorado\/4x2-range\/crew-cab-pickup-ltz#features)](com.cucumber.HoldenApplitoolsPOC.CompareLiveAUwithPreprodTest)" name="holdenAUApplitools[Data Row #: 37 " time="6.106"/>
  <testcase classname="holdenAUApplitools[Data Row #: 38 ( For URL http:\/\/www.holden.com.au\/cars\/colorado\/4x2-range\/crew-cab-pickup-ltz#specifications)](com.cucumber.HoldenApplitoolsPOC.CompareLiveAUwithPreprodTest)" name="holdenAUApplitools[Data Row #: 38 " time="5.955"/>
  <testcase classname="holdenAUApplitools[Data Row #: 39 ( For URL http:\/\/www.holden.com.au\/cars\/colorado\/4x2-range\/single-cab-chassis-ls#accessories)](com.cucumber.HoldenApplitoolsPOC.CompareLiveAUwithPreprodTest)" name="holdenAUApplitools[Data Row #: 39 " time="23.28"/>
  <testcase classname="holdenAUApplitools[Data Row #: 40 ( For URL http:\/\/www.holden.com.au\/cars\/colorado\/4x2-range\/single-cab-chassis-ls#features)](com.cucumber.HoldenApplitoolsPOC.CompareLiveAUwithPreprodTest)" name="holdenAUApplitools[Data Row #: 40 " time="5.775"/>
  <testcase classname="holdenAUApplitools[Data Row #: 41 ( For URL http:\/\/www.holden.com.au\/cars\/colorado\/4x2-range\/single-cab-chassis-ls#specifications)](com.cucumber.HoldenApplitoolsPOC.CompareLiveAUwithPreprodTest)" name="holdenAUApplitools[Data Row #: 41 " time="6.171"/>
  <testcase classname="holdenAUApplitools[Data Row #: 42 ( For URL http:\/\/www.holden.com.au\/cars\/colorado\/4x4-range\/crew-cab-chassis-ls#accessories)](com.cucumber.HoldenApplitoolsPOC.CompareLiveAUwithPreprodTest)" name="holdenAUApplitools[Data Row #: 42 " time="26.041"/>
  <testcase classname="holdenAUApplitools[Data Row #: 43 ( For URL http:\/\/www.holden.com.au\/cars\/colorado\/4x4-range\/crew-cab-chassis-ls#features)](com.cucumber.HoldenApplitoolsPOC.CompareLiveAUwithPreprodTest)" name="holdenAUApplitools[Data Row #: 43 " time="5.723"/>
  <testcase classname="holdenAUApplitools[Data Row #: 44 ( For URL http:\/\/www.holden.com.au\/cars\/colorado\/4x4-range\/crew-cab-chassis-ls#specifications)](com.cucumber.HoldenApplitoolsPOC.CompareLiveAUwithPreprodTest)" name="holdenAUApplitools[Data Row #: 44 " time="5.672"/>
  <testcase classname="holdenAUApplitools[Data Row #: 45 ( For URL http:\/\/www.holden.com.au\/cars\/colorado\/4x4-range\/crew-cab-pickup-ls#accessories)](com.cucumber.HoldenApplitoolsPOC.CompareLiveAUwithPreprodTest)" name="holdenAUApplitools[Data Row #: 45 " time="6.259"/>
  <testcase classname="holdenAUApplitools[Data Row #: 46 ( For URL http:\/\/www.holden.com.au\/cars\/colorado\/4x4-range\/crew-cab-pickup-ls#features)](com.cucumber.HoldenApplitoolsPOC.CompareLiveAUwithPreprodTest)" name="holdenAUApplitools[Data Row #: 46 " time="17.572"/>
  <testcase classname="holdenAUApplitools[Data Row #: 47 ( For URL http:\/\/www.holden.com.au\/cars\/colorado\/4x4-range\/crew-cab-pickup-ls#specifications)](com.cucumber.HoldenApplitoolsPOC.CompareLiveAUwithPreprodTest)" name="holdenAUApplitools[Data Row #: 47 " time="29.896"/>
  <testcase classname="holdenAUApplitools[Data Row #: 48 ( For URL http:\/\/www.holden.com.au\/cars\/colorado\/4x4-range\/crew-cab-pickup-lt#accessories)](com.cucumber.HoldenApplitoolsPOC.CompareLiveAUwithPreprodTest)" name="holdenAUApplitools[Data Row #: 48 " time="27.203"/>
  <testcase classname="holdenAUApplitools[Data Row #: 49 ( For URL http:\/\/www.holden.com.au\/cars\/colorado\/4x4-range\/crew-cab-pickup-lt#features)](com.cucumber.HoldenApplitoolsPOC.CompareLiveAUwithPreprodTest)" name="holdenAUApplitools[Data Row #: 49 " time="5.691"/>
  <testcase classname="holdenAUApplitools[Data Row #: 50 ( For URL http:\/\/www.holden.com.au\/cars\/colorado\/4x4-range\/crew-cab-pickup-lt#specifications)](com.cucumber.HoldenApplitoolsPOC.CompareLiveAUwithPreprodTest)" name="holdenAUApplitools[Data Row #: 50 " time="5.799"/>
  <testcase classname="holdenAUApplitools[Data Row #: 51 ( For URL http:\/\/www.holden.com.au\/cars\/colorado\/4x4-range\/crew-cab-pickup-ltz#accessories)](com.cucumber.HoldenApplitoolsPOC.CompareLiveAUwithPreprodTest)" name="holdenAUApplitools[Data Row #: 51 " time="13.873"/>
  <testcase classname="holdenAUApplitools[Data Row #: 52 ( For URL http:\/\/www.holden.com.au\/cars\/colorado\/4x4-range\/crew-cab-pickup-ltz#features)](com.cucumber.HoldenApplitoolsPOC.CompareLiveAUwithPreprodTest)" name="holdenAUApplitools[Data Row #: 52 " time="7.617"/>
  <testcase classname="holdenAUApplitools[Data Row #: 53 ( For URL http:\/\/www.holden.com.au\/cars\/colorado\/4x4-range\/crew-cab-pickup-ltz#specifications)](com.cucumber.HoldenApplitoolsPOC.CompareLiveAUwithPreprodTest)" name="holdenAUApplitools[Data Row #: 53 " time="8.762"/>
  <testcase classname="holdenAUApplitools[Data Row #: 54 ( For URL http:\/\/www.holden.com.au\/cars\/colorado\/4x4-range\/single-cab-chassis-dx#accessories)](com.cucumber.HoldenApplitoolsPOC.CompareLiveAUwithPreprodTest)" name="holdenAUApplitools[Data Row #: 54 " time="24.231"/>
  <testcase classname="holdenAUApplitools[Data Row #: 55 ( For URL http:\/\/www.holden.com.au\/cars\/colorado\/4x4-range\/single-cab-chassis-dx#features)](com.cucumber.HoldenApplitoolsPOC.CompareLiveAUwithPreprodTest)" name="holdenAUApplitools[Data Row #: 55 " time="6.111"/>
  <testcase classname="holdenAUApplitools[Data Row #: 56 ( For URL http:\/\/www.holden.com.au\/cars\/colorado\/4x4-range\/single-cab-chassis-dx#specifications)](com.cucumber.HoldenApplitoolsPOC.CompareLiveAUwithPreprodTest)" name="holdenAUApplitools[Data Row #: 56 " time="5.589"/>
  <testcase classname="holdenAUApplitools[Data Row #: 57 ( For URL http:\/\/www.holden.com.au\/cars\/colorado\/4x4-range\/single-cab-chassis-ls#accessories)](com.cucumber.HoldenApplitoolsPOC.CompareLiveAUwithPreprodTest)" name="holdenAUApplitools[Data Row #: 57 " time="18.135"/>
  <testcase classname="holdenAUApplitools[Data Row #: 58 ( For URL http:\/\/www.holden.com.au\/cars\/colorado\/4x4-range\/single-cab-chassis-ls#features)](com.cucumber.HoldenApplitoolsPOC.CompareLiveAUwithPreprodTest)" name="holdenAUApplitools[Data Row #: 58 " time="11.077"/>
  <testcase classname="holdenAUApplitools[Data Row #: 59 ( For URL http:\/\/www.holden.com.au\/cars\/colorado\/4x4-range\/single-cab-chassis-ls#specifications)](com.cucumber.HoldenApplitoolsPOC.CompareLiveAUwithPreprodTest)" name="holdenAUApplitools[Data Row #: 59 " time="12.338"/>
  <testcase classname="holdenAUApplitools[Data Row #: 60 ( For URL http:\/\/www.holden.com.au\/cars\/colorado\/4x4-range\/space-cab-chassis-ls#accessories)](com.cucumber.HoldenApplitoolsPOC.CompareLiveAUwithPreprodTest)" name="holdenAUApplitools[Data Row #: 60 " time="25.182"/>
  <testcase classname="holdenAUApplitools[Data Row #: 61 ( For URL http:\/\/www.holden.com.au\/cars\/colorado\/4x4-range\/space-cab-chassis-ls#features)](com.cucumber.HoldenApplitoolsPOC.CompareLiveAUwithPreprodTest)" name="holdenAUApplitools[Data Row #: 61 " time="5.717"/>
  <testcase classname="holdenAUApplitools[Data Row #: 62 ( For URL http:\/\/www.holden.com.au\/cars\/colorado\/4x4-range\/space-cab-chassis-ls#specifications)](com.cucumber.HoldenApplitoolsPOC.CompareLiveAUwithPreprodTest)" name="holdenAUApplitools[Data Row #: 62 " time="5.747"/>
  <testcase classname="holdenAUApplitools[Data Row #: 63 ( For URL http:\/\/www.holden.com.au\/cars\/colorado\/4x4-range\/space-cab-pickup-ltz#accessories)](com.cucumber.HoldenApplitoolsPOC.CompareLiveAUwithPreprodTest)" name="holdenAUApplitools[Data Row #: 63 " time="21.19"/>
  <testcase classname="holdenAUApplitools[Data Row #: 64 ( For URL http:\/\/www.holden.com.au\/cars\/colorado\/4x4-range\/space-cab-pickup-ltz#features)](com.cucumber.HoldenApplitoolsPOC.CompareLiveAUwithPreprodTest)" name="holdenAUApplitools[Data Row #: 64 " time="5.577"/>
  <testcase classname="holdenAUApplitools[Data Row #: 65 ( For URL http:\/\/www.holden.com.au\/cars\/colorado\/4x4-range\/space-cab-pickup-ltz#specifications)](com.cucumber.HoldenApplitoolsPOC.CompareLiveAUwithPreprodTest)" name="holdenAUApplitools[Data Row #: 65 " time="5.8"/>
  <testcase classname="holdenAUApplitools[Data Row #: 66 ( For URL http:\/\/www.holden.com.au\/cars\/colorado-7\/range\/lt#accessories)](com.cucumber.HoldenApplitoolsPOC.CompareLiveAUwithPreprodTest)" name="holdenAUApplitools[Data Row #: 66 " time="30.287"/>
  <testcase classname="holdenAUApplitools[Data Row #: 67 ( For URL http:\/\/www.holden.com.au\/cars\/colorado-7\/range\/lt#features)](com.cucumber.HoldenApplitoolsPOC.CompareLiveAUwithPreprodTest)" name="holdenAUApplitools[Data Row #: 67 " time="15.038"/>
  <testcase classname="holdenAUApplitools[Data Row #: 68 ( For URL http:\/\/www.holden.com.au\/cars\/colorado-7\/range\/lt#specifications)](com.cucumber.HoldenApplitoolsPOC.CompareLiveAUwithPreprodTest)" name="holdenAUApplitools[Data Row #: 68 " time="27.942"/>
  <testcase classname="holdenAUApplitools[Data Row #: 69 ( For URL http:\/\/www.holden.com.au\/cars\/colorado-7\/range\/ltz#accessories)](com.cucumber.HoldenApplitoolsPOC.CompareLiveAUwithPreprodTest)" name="holdenAUApplitools[Data Row #: 69 " time="27.585"/>
  <testcase classname="holdenAUApplitools[Data Row #: 70 ( For URL http:\/\/www.holden.com.au\/cars\/colorado-7\/range\/ltz#features)](com.cucumber.HoldenApplitoolsPOC.CompareLiveAUwithPreprodTest)" name="holdenAUApplitools[Data Row #: 70 " time="13.266"/>
  <testcase classname="holdenAUApplitools[Data Row #: 71 ( For URL http:\/\/www.holden.com.au\/cars\/colorado-7\/range\/ltz#specifications)](com.cucumber.HoldenApplitoolsPOC.CompareLiveAUwithPreprodTest)" name="holdenAUApplitools[Data Row #: 71 " time="12.829"/>
  <testcase classname="holdenAUApplitools[Data Row #: 72 ( For URL http:\/\/www.holden.com.au\/cars\/commodore\/sedan-range\/calais#accessories)](com.cucumber.HoldenApplitoolsPOC.CompareLiveAUwithPreprodTest)" name="holdenAUApplitools[Data Row #: 72 " time="30.787"/>
  <testcase classname="holdenAUApplitools[Data Row #: 73 ( For URL http:\/\/www.holden.com.au\/cars\/commodore\/sedan-range\/calais#features)](com.cucumber.HoldenApplitoolsPOC.CompareLiveAUwithPreprodTest)" name="holdenAUApplitools[Data Row #: 73 " time="12.245"/>
  <testcase classname="holdenAUApplitools[Data Row #: 74 ( For URL http:\/\/www.holden.com.au\/cars\/commodore\/sedan-range\/calais#specifications)](com.cucumber.HoldenApplitoolsPOC.CompareLiveAUwithPreprodTest)" name="holdenAUApplitools[Data Row #: 74 " time="11.506"/>
  <testcase classname="holdenAUApplitools[Data Row #: 75 ( For URL http:\/\/www.holden.com.au\/cars\/commodore\/sedan-range\/calais-v#accessories)](com.cucumber.HoldenApplitoolsPOC.CompareLiveAUwithPreprodTest)" name="holdenAUApplitools[Data Row #: 75 " time="20.346"/>
  <testcase classname="holdenAUApplitools[Data Row #: 76 ( For URL http:\/\/www.holden.com.au\/cars\/commodore\/sedan-range\/calais-v#features)](com.cucumber.HoldenApplitoolsPOC.CompareLiveAUwithPreprodTest)" name="holdenAUApplitools[Data Row #: 76 " time="8.633"/>
  <testcase classname="holdenAUApplitools[Data Row #: 77 ( For URL http:\/\/www.holden.com.au\/cars\/commodore\/sedan-range\/calais-v#specifications)](com.cucumber.HoldenApplitoolsPOC.CompareLiveAUwithPreprodTest)" name="holdenAUApplitools[Data Row #: 77 " time="7.416"/>
  <testcase classname="holdenAUApplitools[Data Row #: 78 ( For URL http:\/\/www.holden.com.au\/cars\/commodore\/sedan-range\/evoke#accessories)](com.cucumber.HoldenApplitoolsPOC.CompareLiveAUwithPreprodTest)" name="holdenAUApplitools[Data Row #: 78 " time="34.935"/>
  <testcase classname="holdenAUApplitools[Data Row #: 79 ( For URL http:\/\/www.holden.com.au\/cars\/commodore\/sedan-range\/evoke#features)](com.cucumber.HoldenApplitoolsPOC.CompareLiveAUwithPreprodTest)" name="holdenAUApplitools[Data Row #: 79 " time="9.539"/>
  <testcase classname="holdenAUApplitools[Data Row #: 80 ( For URL http:\/\/www.holden.com.au\/cars\/commodore\/sedan-range\/evoke#specifications)](com.cucumber.HoldenApplitoolsPOC.CompareLiveAUwithPreprodTest)" name="holdenAUApplitools[Data Row #: 80 " time="12.98"/>
  <testcase classname="holdenAUApplitools[Data Row #: 81 ( For URL http:\/\/www.holden.com.au\/cars\/commodore\/sedan-range\/ss#accessories)](com.cucumber.HoldenApplitoolsPOC.CompareLiveAUwithPreprodTest)" name="holdenAUApplitools[Data Row #: 81 " time="29.328"/>
  <testcase classname="holdenAUApplitools[Data Row #: 82 ( For URL http:\/\/www.holden.com.au\/cars\/commodore\/sedan-range\/ss#features)](com.cucumber.HoldenApplitoolsPOC.CompareLiveAUwithPreprodTest)" name="holdenAUApplitools[Data Row #: 82 " time="16.982"/>
  <testcase classname="holdenAUApplitools[Data Row #: 83 ( For URL http:\/\/www.holden.com.au\/cars\/commodore\/sedan-range\/ss#specifications)](com.cucumber.HoldenApplitoolsPOC.CompareLiveAUwithPreprodTest)" name="holdenAUApplitools[Data Row #: 83 " time="20.773"/>
  <testcase classname="holdenAUApplitools[Data Row #: 84 ( For URL http:\/\/www.holden.com.au\/cars\/commodore\/sedan-range\/ss-v#accessories)](com.cucumber.HoldenApplitoolsPOC.CompareLiveAUwithPreprodTest)" name="holdenAUApplitools[Data Row #: 84 " time="22.428"/>
  <testcase classname="holdenAUApplitools[Data Row #: 85 ( For URL http:\/\/www.holden.com.au\/cars\/commodore\/sedan-range\/ss-v#features)](com.cucumber.HoldenApplitoolsPOC.CompareLiveAUwithPreprodTest)" name="holdenAUApplitools[Data Row #: 85 " time="18.07"/>
  <testcase classname="holdenAUApplitools[Data Row #: 86 ( For URL http:\/\/www.holden.com.au\/cars\/commodore\/sedan-range\/ss-v#specifications)](com.cucumber.HoldenApplitoolsPOC.CompareLiveAUwithPreprodTest)" name="holdenAUApplitools[Data Row #: 86 " time="25.156"/>
  <testcase classname="holdenAUApplitools[Data Row #: 87 ( For URL http:\/\/www.holden.com.au\/cars\/commodore\/sedan-range\/ss-v-redline#accessories)](com.cucumber.HoldenApplitoolsPOC.CompareLiveAUwithPreprodTest)" name="holdenAUApplitools[Data Row #: 87 " time="25.713"/>
  <testcase classname="holdenAUApplitools[Data Row #: 88 ( For URL http:\/\/www.holden.com.au\/cars\/commodore\/sedan-range\/ss-v-redline#features)](com.cucumber.HoldenApplitoolsPOC.CompareLiveAUwithPreprodTest)" name="holdenAUApplitools[Data Row #: 88 " time="6.399"/>
  <testcase classname="holdenAUApplitools[Data Row #: 89 ( For URL http:\/\/www.holden.com.au\/cars\/commodore\/sedan-range\/ss-v-redline#specifications)](com.cucumber.HoldenApplitoolsPOC.CompareLiveAUwithPreprodTest)" name="holdenAUApplitools[Data Row #: 89 " time="6.409"/>
  <testcase classname="holdenAUApplitools[Data Row #: 90 ( For URL http:\/\/www.holden.com.au\/cars\/commodore\/sedan-range\/sv6#accessories)](com.cucumber.HoldenApplitoolsPOC.CompareLiveAUwithPreprodTest)" name="holdenAUApplitools[Data Row #: 90 " time="32.81"/>
  <testcase classname="holdenAUApplitools[Data Row #: 91 ( For URL http:\/\/www.holden.com.au\/cars\/commodore\/sedan-range\/sv6#features)](com.cucumber.HoldenApplitoolsPOC.CompareLiveAUwithPreprodTest)" name="holdenAUApplitools[Data Row #: 91 " time="7.221"/>
  <testcase classname="holdenAUApplitools[Data Row #: 92 ( For URL http:\/\/www.holden.com.au\/cars\/commodore\/sedan-range\/sv6#specifications)](com.cucumber.HoldenApplitoolsPOC.CompareLiveAUwithPreprodTest)" name="holdenAUApplitools[Data Row #: 92 " time="6.871"/>
  <testcase classname="holdenAUApplitools[Data Row #: 93 ( For URL http:\/\/www.holden.com.au\/cars\/commodore\/sportwagon-range\/calais#accessories)](com.cucumber.HoldenApplitoolsPOC.CompareLiveAUwithPreprodTest)" name="holdenAUApplitools[Data Row #: 93 " time="21.343"/>
  <testcase classname="holdenAUApplitools[Data Row #: 94 ( For URL http:\/\/www.holden.com.au\/cars\/commodore\/sportwagon-range\/calais#features)](com.cucumber.HoldenApplitoolsPOC.CompareLiveAUwithPreprodTest)" name="holdenAUApplitools[Data Row #: 94 " time="34.843"/>
  <testcase classname="holdenAUApplitools[Data Row #: 95 ( For URL http:\/\/www.holden.com.au\/cars\/commodore\/sportwagon-range\/calais#specifications)](com.cucumber.HoldenApplitoolsPOC.CompareLiveAUwithPreprodTest)" name="holdenAUApplitools[Data Row #: 95 " time="16.378"/>
  <testcase classname="holdenAUApplitools[Data Row #: 96 ( For URL http:\/\/www.holden.com.au\/cars\/commodore\/sportwagon-range\/calais-v-sportwagon#accessories)](com.cucumber.HoldenApplitoolsPOC.CompareLiveAUwithPreprodTest)" name="holdenAUApplitools[Data Row #: 96 " time="47.333"/>
  <testcase classname="holdenAUApplitools[Data Row #: 97 ( For URL http:\/\/www.holden.com.au\/cars\/commodore\/sportwagon-range\/calais-v-sportwagon#features)](com.cucumber.HoldenApplitoolsPOC.CompareLiveAUwithPreprodTest)" name="holdenAUApplitools[Data Row #: 97 " time="22.215"/>
  <testcase classname="holdenAUApplitools[Data Row #: 98 ( For URL http:\/\/www.holden.com.au\/cars\/commodore\/sportwagon-range\/calais-v-sportwagon#specifications)](com.cucumber.HoldenApplitoolsPOC.CompareLiveAUwithPreprodTest)" name="holdenAUApplitools[Data Row #: 98 " time="6.615"/>
  <testcase classname="holdenAUApplitools[Data Row #: 99 ( For URL http:\/\/www.holden.com.au\/cars\/commodore\/sportwagon-range\/evoke#accessories)](com.cucumber.HoldenApplitoolsPOC.CompareLiveAUwithPreprodTest)" name="holdenAUApplitools[Data Row #: 99 " time="45.791"/>
  <testcase classname="holdenAUApplitools[Data Row #: 100 ( For URL http:\/\/www.holden.com.au\/cars\/commodore\/sportwagon-range\/evoke#features)](com.cucumber.HoldenApplitoolsPOC.CompareLiveAUwithPreprodTest)" name="holdenAUApplitools[Data Row #: 100 " time="6.587"/>
  <testcase classname="holdenAUApplitools[Data Row #: 101 ( For URL http:\/\/www.holden.com.au\/cars\/commodore\/sportwagon-range\/evoke#specifications)](com.cucumber.HoldenApplitoolsPOC.CompareLiveAUwithPreprodTest)" name="holdenAUApplitools[Data Row #: 101 " time="8.131"/>
  <testcase classname="holdenAUApplitools[Data Row #: 102 ( For URL http:\/\/www.holden.com.au\/cars\/commodore\/sportwagon-range\/ss#accessories)](com.cucumber.HoldenApplitoolsPOC.CompareLiveAUwithPreprodTest)" name="holdenAUApplitools[Data Row #: 102 " time="48.523"/>
  <testcase classname="holdenAUApplitools[Data Row #: 103 ( For URL http:\/\/www.holden.com.au\/cars\/commodore\/sportwagon-range\/ss#features)](com.cucumber.HoldenApplitoolsPOC.CompareLiveAUwithPreprodTest)" name="holdenAUApplitools[Data Row #: 103 " time="7.25"/>
  <testcase classname="holdenAUApplitools[Data Row #: 104 ( For URL http:\/\/www.holden.com.au\/cars\/commodore\/sportwagon-range\/ss#specifications)](com.cucumber.HoldenApplitoolsPOC.CompareLiveAUwithPreprodTest)" name="holdenAUApplitools[Data Row #: 104 " time="7.115"/>
  <testcase classname="holdenAUApplitools[Data Row #: 105 ( For URL http:\/\/www.holden.com.au\/cars\/commodore\/sportwagon-range\/ss-v#accessories)](com.cucumber.HoldenApplitoolsPOC.CompareLiveAUwithPreprodTest)" name="holdenAUApplitools[Data Row #: 105 " time="32.584"/>
  <testcase classname="holdenAUApplitools[Data Row #: 106 ( For URL http:\/\/www.holden.com.au\/cars\/commodore\/sportwagon-range\/ss-v#features)](com.cucumber.HoldenApplitoolsPOC.CompareLiveAUwithPreprodTest)" name="holdenAUApplitools[Data Row #: 106 " time="37.902"/>
  <testcase classname="holdenAUApplitools[Data Row #: 107 ( For URL http:\/\/www.holden.com.au\/cars\/commodore\/sportwagon-range\/ss-v#specifications)](com.cucumber.HoldenApplitoolsPOC.CompareLiveAUwithPreprodTest)" name="holdenAUApplitools[Data Row #: 107 " time="6.308"/>
  <testcase classname="holdenAUApplitools[Data Row #: 108 ( For URL http:\/\/www.holden.com.au\/cars\/commodore\/sportwagon-range\/ss-v-redline#accessories)](com.cucumber.HoldenApplitoolsPOC.CompareLiveAUwithPreprodTest)" name="holdenAUApplitools[Data Row #: 108 " time="34.87"/>
  <testcase classname="holdenAUApplitools[Data Row #: 109 ( For URL http:\/\/www.holden.com.au\/cars\/commodore\/sportwagon-range\/ss-v-redline#features)](com.cucumber.HoldenApplitoolsPOC.CompareLiveAUwithPreprodTest)" name="holdenAUApplitools[Data Row #: 109 " time="6.335"/>
  <testcase classname="holdenAUApplitools[Data Row #: 110 ( For URL http:\/\/www.holden.com.au\/cars\/commodore\/sportwagon-range\/ss-v-redline#specifications)](com.cucumber.HoldenApplitoolsPOC.CompareLiveAUwithPreprodTest)" name="holdenAUApplitools[Data Row #: 110 " time="6.408"/>
  <testcase classname="holdenAUApplitools[Data Row #: 111 ( For URL http:\/\/www.holden.com.au\/cars\/commodore\/sportwagon-range\/sv6#accessories)](com.cucumber.HoldenApplitoolsPOC.CompareLiveAUwithPreprodTest)" name="holdenAUApplitools[Data Row #: 111 " time="32.538"/>
  <testcase classname="holdenAUApplitools[Data Row #: 112 ( For URL http:\/\/www.holden.com.au\/cars\/commodore\/sportwagon-range\/sv6#features)](com.cucumber.HoldenApplitoolsPOC.CompareLiveAUwithPreprodTest)" name="holdenAUApplitools[Data Row #: 112 " time="22.982"/>
  <testcase classname="holdenAUApplitools[Data Row #: 113 ( For URL http:\/\/www.holden.com.au\/cars\/commodore\/sportwagon-range\/sv6#specifications)](com.cucumber.HoldenApplitoolsPOC.CompareLiveAUwithPreprodTest)" name="holdenAUApplitools[Data Row #: 113 " time="21.756"/>
  <testcase classname="holdenAUApplitools[Data Row #: 114 ( For URL http:\/\/www.holden.com.au\/cars\/cruze\/range\/cd-sportwagon#accessories)](com.cucumber.HoldenApplitoolsPOC.CompareLiveAUwithPreprodTest)" name="holdenAUApplitools[Data Row #: 114 " time="29.118"/>
  <testcase classname="holdenAUApplitools[Data Row #: 115 ( For URL http:\/\/www.holden.com.au\/cars\/cruze\/range\/cd-sportwagon#features)](com.cucumber.HoldenApplitoolsPOC.CompareLiveAUwithPreprodTest)" name="holdenAUApplitools[Data Row #: 115 " time="10.09"/>
  <testcase classname="holdenAUApplitools[Data Row #: 116 ( For URL http:\/\/www.holden.com.au\/cars\/cruze\/range\/cd-sportwagon#specifications)](com.cucumber.HoldenApplitoolsPOC.CompareLiveAUwithPreprodTest)" name="holdenAUApplitools[Data Row #: 116 " time="6.093"/>
  <testcase classname="holdenAUApplitools[Data Row #: 117 ( For URL http:\/\/www.holden.com.au\/cars\/cruze\/range\/cdx-sedan#accessories)](com.cucumber.HoldenApplitoolsPOC.CompareLiveAUwithPreprodTest)" name="holdenAUApplitools[Data Row #: 117 " time="30.205"/>
  <testcase classname="holdenAUApplitools[Data Row #: 118 ( For URL http:\/\/www.holden.com.au\/cars\/cruze\/range\/cdx-sedan#features)](com.cucumber.HoldenApplitoolsPOC.CompareLiveAUwithPreprodTest)" name="holdenAUApplitools[Data Row #: 118 " time="5.64"/>
  <testcase classname="holdenAUApplitools[Data Row #: 119 ( For URL http:\/\/www.holden.com.au\/cars\/cruze\/range\/cdx-sedan#specifications)](com.cucumber.HoldenApplitoolsPOC.CompareLiveAUwithPreprodTest)" name="holdenAUApplitools[Data Row #: 119 " time="5.71"/>
  <testcase classname="holdenAUApplitools[Data Row #: 120 ( For URL http:\/\/www.holden.com.au\/cars\/cruze\/range\/cdx-sportwagon#accessories)](com.cucumber.HoldenApplitoolsPOC.CompareLiveAUwithPreprodTest)" name="holdenAUApplitools[Data Row #: 120 " time="32.566"/>
  <testcase classname="holdenAUApplitools[Data Row #: 121 ( For URL http:\/\/www.holden.com.au\/cars\/cruze\/range\/cdx-sportwagon#features)](com.cucumber.HoldenApplitoolsPOC.CompareLiveAUwithPreprodTest)" name="holdenAUApplitools[Data Row #: 121 " time="6.34"/>
  <testcase classname="holdenAUApplitools[Data Row #: 122 ( For URL http:\/\/www.holden.com.au\/cars\/cruze\/range\/cdx-sportwagon#specifications)](com.cucumber.HoldenApplitoolsPOC.CompareLiveAUwithPreprodTest)" name="holdenAUApplitools[Data Row #: 122 " time="6.205"/>
  <testcase classname="holdenAUApplitools[Data Row #: 123 ( For URL http:\/\/www.holden.com.au\/cars\/cruze\/range\/equipe-hatch#accessories)](com.cucumber.HoldenApplitoolsPOC.CompareLiveAUwithPreprodTest)" name="holdenAUApplitools[Data Row #: 123 " time="32.498"/>
  <testcase classname="holdenAUApplitools[Data Row #: 124 ( For URL http:\/\/www.holden.com.au\/cars\/cruze\/range\/equipe-hatch#features)](com.cucumber.HoldenApplitoolsPOC.CompareLiveAUwithPreprodTest)" name="holdenAUApplitools[Data Row #: 124 " time="9.276"/>
  <testcase classname="holdenAUApplitools[Data Row #: 125 ( For URL http:\/\/www.holden.com.au\/cars\/cruze\/range\/equipe-hatch#specifications)](com.cucumber.HoldenApplitoolsPOC.CompareLiveAUwithPreprodTest)" name="holdenAUApplitools[Data Row #: 125 " time="18.463"/>
  <testcase classname="holdenAUApplitools[Data Row #: 126 ( For URL http:\/\/www.holden.com.au\/cars\/cruze\/range\/equipe-sedan#accessories)](com.cucumber.HoldenApplitoolsPOC.CompareLiveAUwithPreprodTest)" name="holdenAUApplitools[Data Row #: 126 " time="53.793"/>
  <testcase classname="holdenAUApplitools[Data Row #: 127 ( For URL http:\/\/www.holden.com.au\/cars\/cruze\/range\/equipe-sedan#features)](com.cucumber.HoldenApplitoolsPOC.CompareLiveAUwithPreprodTest)" name="holdenAUApplitools[Data Row #: 127 " time="9.705"/>
  <testcase classname="holdenAUApplitools[Data Row #: 128 ( For URL http:\/\/www.holden.com.au\/cars\/cruze\/range\/equipe-sedan#specifications)](com.cucumber.HoldenApplitoolsPOC.CompareLiveAUwithPreprodTest)" name="holdenAUApplitools[Data Row #: 128 " time="6.627"/>
  <testcase classname="holdenAUApplitools[Data Row #: 129 ( For URL http:\/\/www.holden.com.au\/cars\/cruze\/range\/sri-hatch#accessories)](com.cucumber.HoldenApplitoolsPOC.CompareLiveAUwithPreprodTest)" name="holdenAUApplitools[Data Row #: 129 " time="46.429"/>
  <testcase classname="holdenAUApplitools[Data Row #: 130 ( For URL http:\/\/www.holden.com.au\/cars\/cruze\/range\/sri-hatch#features)](com.cucumber.HoldenApplitoolsPOC.CompareLiveAUwithPreprodTest)" name="holdenAUApplitools[Data Row #: 130 " time="6.589"/>
  <testcase classname="holdenAUApplitools[Data Row #: 131 ( For URL http:\/\/www.holden.com.au\/cars\/cruze\/range\/sri-hatch#specifications)](com.cucumber.HoldenApplitoolsPOC.CompareLiveAUwithPreprodTest)" name="holdenAUApplitools[Data Row #: 131 " time="6.564"/>
  <testcase classname="holdenAUApplitools[Data Row #: 132 ( For URL http:\/\/www.holden.com.au\/cars\/cruze\/range\/sri-sedan#accessories)](com.cucumber.HoldenApplitoolsPOC.CompareLiveAUwithPreprodTest)" name="holdenAUApplitools[Data Row #: 132 " time="43.563"/>
  <testcase classname="holdenAUApplitools[Data Row #: 133 ( For URL http:\/\/www.holden.com.au\/cars\/cruze\/range\/sri-sedan#features)](com.cucumber.HoldenApplitoolsPOC.CompareLiveAUwithPreprodTest)" name="holdenAUApplitools[Data Row #: 133 " time="6.725"/>
  <testcase classname="holdenAUApplitools[Data Row #: 134 ( For URL http:\/\/www.holden.com.au\/cars\/cruze\/range\/sri-sedan#specifications)](com.cucumber.HoldenApplitoolsPOC.CompareLiveAUwithPreprodTest)" name="holdenAUApplitools[Data Row #: 134 " time="6.884"/>
  <testcase classname="holdenAUApplitools[Data Row #: 135 ( For URL http:\/\/www.holden.com.au\/cars\/cruze\/range\/sriv-hatch#accessories)](com.cucumber.HoldenApplitoolsPOC.CompareLiveAUwithPreprodTest)" name="holdenAUApplitools[Data Row #: 135 " time="58.991"/>
  <testcase classname="holdenAUApplitools[Data Row #: 136 ( For URL http:\/\/www.holden.com.au\/cars\/cruze\/range\/sriv-hatch#features)](com.cucumber.HoldenApplitoolsPOC.CompareLiveAUwithPreprodTest)" name="holdenAUApplitools[Data Row #: 136 " time="6.356"/>
  <testcase classname="holdenAUApplitools[Data Row #: 137 ( For URL http:\/\/www.holden.com.au\/cars\/cruze\/range\/sriv-hatch#specifications)](com.cucumber.HoldenApplitoolsPOC.CompareLiveAUwithPreprodTest)" name="holdenAUApplitools[Data Row #: 137 " time="6.697"/>
  <testcase classname="holdenAUApplitools[Data Row #: 138 ( For URL http:\/\/www.holden.com.au\/cars\/cruze\/range\/sri-v-sedan#accessories)](com.cucumber.HoldenApplitoolsPOC.CompareLiveAUwithPreprodTest)" name="holdenAUApplitools[Data Row #: 138 " time="48.642"/>
  <testcase classname="holdenAUApplitools[Data Row #: 139 ( For URL http:\/\/www.holden.com.au\/cars\/cruze\/range\/sri-v-sedan#features)](com.cucumber.HoldenApplitoolsPOC.CompareLiveAUwithPreprodTest)" name="holdenAUApplitools[Data Row #: 139 " time="6.13"/>
  <testcase classname="holdenAUApplitools[Data Row #: 140 ( For URL http:\/\/www.holden.com.au\/cars\/cruze\/range\/sri-v-sedan#specifications)](com.cucumber.HoldenApplitoolsPOC.CompareLiveAUwithPreprodTest)" name="holdenAUApplitools[Data Row #: 140 " time="5.872"/>
  <testcase classname="holdenAUApplitools[Data Row #: 141 ( For URL http:\/\/www.holden.com.au\/cars\/malibu\/range\/cd#accessories)](com.cucumber.HoldenApplitoolsPOC.CompareLiveAUwithPreprodTest)" name="holdenAUApplitools[Data Row #: 141 " time="38.044"/>
  <testcase classname="holdenAUApplitools[Data Row #: 142 ( For URL http:\/\/www.holden.com.au\/cars\/malibu\/range\/cd#features)](com.cucumber.HoldenApplitoolsPOC.CompareLiveAUwithPreprodTest)" name="holdenAUApplitools[Data Row #: 142 " time="17.319"/>
  <testcase classname="holdenAUApplitools[Data Row #: 143 ( For URL http:\/\/www.holden.com.au\/cars\/malibu\/range\/cd#specifications)](com.cucumber.HoldenApplitoolsPOC.CompareLiveAUwithPreprodTest)" name="holdenAUApplitools[Data Row #: 143 " time="6.047"/>
  <testcase classname="holdenAUApplitools[Data Row #: 144 ( For URL http:\/\/www.holden.com.au\/cars\/malibu\/range\/cdx#accessories)](com.cucumber.HoldenApplitoolsPOC.CompareLiveAUwithPreprodTest)" name="holdenAUApplitools[Data Row #: 144 " time="26.839"/>
  <testcase classname="holdenAUApplitools[Data Row #: 145 ( For URL http:\/\/www.holden.com.au\/cars\/malibu\/range\/cdx#features)](com.cucumber.HoldenApplitoolsPOC.CompareLiveAUwithPreprodTest)" name="holdenAUApplitools[Data Row #: 145 " time="10.535"/>
  <testcase classname="holdenAUApplitools[Data Row #: 146 ( For URL http:\/\/www.holden.com.au\/cars\/malibu\/range\/cdx#specifications)](com.cucumber.HoldenApplitoolsPOC.CompareLiveAUwithPreprodTest)" name="holdenAUApplitools[Data Row #: 146 " time="5.859"/>
  <testcase classname="holdenAUApplitools[Data Row #: 147 ( For URL http:\/\/www.holden.com.au\/cars\/trax\/range\/ls#accessories)](com.cucumber.HoldenApplitoolsPOC.CompareLiveAUwithPreprodTest)" name="holdenAUApplitools[Data Row #: 147 " time="40.86"/>
  <testcase classname="holdenAUApplitools[Data Row #: 148 ( For URL http:\/\/www.holden.com.au\/cars\/trax\/range\/ls#features)](com.cucumber.HoldenApplitoolsPOC.CompareLiveAUwithPreprodTest)" name="holdenAUApplitools[Data Row #: 148 " time="13.602"/>
  <testcase classname="holdenAUApplitools[Data Row #: 149 ( For URL http:\/\/www.holden.com.au\/cars\/trax\/range\/ls#specifications)](com.cucumber.HoldenApplitoolsPOC.CompareLiveAUwithPreprodTest)" name="holdenAUApplitools[Data Row #: 149 " time="6.191"/>
  <testcase classname="holdenAUApplitools[Data Row #: 150 ( For URL http:\/\/www.holden.com.au\/cars\/trax\/range\/ltz#accessories)](com.cucumber.HoldenApplitoolsPOC.CompareLiveAUwithPreprodTest)" name="holdenAUApplitools[Data Row #: 150 " time="20.368"/>
  <testcase classname="holdenAUApplitools[Data Row #: 151 ( For URL http:\/\/www.holden.com.au\/cars\/trax\/range\/ltz#features)](com.cucumber.HoldenApplitoolsPOC.CompareLiveAUwithPreprodTest)" name="holdenAUApplitools[Data Row #: 151 " time="9.506"/>
  <testcase classname="holdenAUApplitools[Data Row #: 152 ( For URL http:\/\/www.holden.com.au\/cars\/trax\/range\/ltz#specifications)](com.cucumber.HoldenApplitoolsPOC.CompareLiveAUwithPreprodTest)" name="holdenAUApplitools[Data Row #: 152 " time="6.042"/>
  <testcase classname="holdenAUApplitools[Data Row #: 153 ( For URL http:\/\/www.holden.com.au\/cars\/ute\/range\/holden-ute#accessories)](com.cucumber.HoldenApplitoolsPOC.CompareLiveAUwithPreprodTest)" name="holdenAUApplitools[Data Row #: 153 " time="44.46"/>
  <testcase classname="holdenAUApplitools[Data Row #: 154 ( For URL http:\/\/www.holden.com.au\/cars\/ute\/range\/holden-ute#features)](com.cucumber.HoldenApplitoolsPOC.CompareLiveAUwithPreprodTest)" name="holdenAUApplitools[Data Row #: 154 " time="12.221"/>
  <testcase classname="holdenAUApplitools[Data Row #: 155 ( For URL http:\/\/www.holden.com.au\/cars\/ute\/range\/holden-ute#specifications)](com.cucumber.HoldenApplitoolsPOC.CompareLiveAUwithPreprodTest)" name="holdenAUApplitools[Data Row #: 155 " time="8.912"/>
  <testcase classname="holdenAUApplitools[Data Row #: 156 ( For URL http:\/\/www.holden.com.au\/cars\/ute\/range\/ss#accessories)](com.cucumber.HoldenApplitoolsPOC.CompareLiveAUwithPreprodTest)" name="holdenAUApplitools[Data Row #: 156 " time="32.89"/>
  <testcase classname="holdenAUApplitools[Data Row #: 157 ( For URL http:\/\/www.holden.com.au\/cars\/ute\/range\/ss#features)](com.cucumber.HoldenApplitoolsPOC.CompareLiveAUwithPreprodTest)" name="holdenAUApplitools[Data Row #: 157 " time="51.119"/>
  <testcase classname="holdenAUApplitools[Data Row #: 158 ( For URL http:\/\/www.holden.com.au\/cars\/ute\/range\/ss#specifications)](com.cucumber.HoldenApplitoolsPOC.CompareLiveAUwithPreprodTest)" name="holdenAUApplitools[Data Row #: 158 " time="20.42"/>
  <testcase classname="holdenAUApplitools[Data Row #: 159 ( For URL http:\/\/www.holden.com.au\/cars\/ute\/range\/ss-v#accessories)](com.cucumber.HoldenApplitoolsPOC.CompareLiveAUwithPreprodTest)" name="holdenAUApplitools[Data Row #: 159 " time="45.106"/>
  <testcase classname="holdenAUApplitools[Data Row #: 160 ( For URL http:\/\/www.holden.com.au\/cars\/ute\/range\/ss-v#features)](com.cucumber.HoldenApplitoolsPOC.CompareLiveAUwithPreprodTest)" name="holdenAUApplitools[Data Row #: 160 " time="46.219"/>
  <testcase classname="holdenAUApplitools[Data Row #: 161 ( For URL http:\/\/www.holden.com.au\/cars\/ute\/range\/ss-v#specifications)](com.cucumber.HoldenApplitoolsPOC.CompareLiveAUwithPreprodTest)" name="holdenAUApplitools[Data Row #: 161 " time="8.166"/>
  <testcase classname="holdenAUApplitools[Data Row #: 162 ( For URL http:\/\/www.holden.com.au\/cars\/ute\/range\/ss-v-redline#accessories)](com.cucumber.HoldenApplitoolsPOC.CompareLiveAUwithPreprodTest)" name="holdenAUApplitools[Data Row #: 162 " time="51.468"/>
  <testcase classname="holdenAUApplitools[Data Row #: 163 ( For URL http:\/\/www.holden.com.au\/cars\/ute\/range\/ss-v-redline#features)](com.cucumber.HoldenApplitoolsPOC.CompareLiveAUwithPreprodTest)" name="holdenAUApplitools[Data Row #: 163 " time="12.99"/>
  <testcase classname="holdenAUApplitools[Data Row #: 164 ( For URL http:\/\/www.holden.com.au\/cars\/ute\/range\/ss-v-redline#specifications)](com.cucumber.HoldenApplitoolsPOC.CompareLiveAUwithPreprodTest)" name="holdenAUApplitools[Data Row #: 164 " time="6.184"/>
  <testcase classname="holdenAUApplitools[Data Row #: 165 ( For URL http:\/\/www.holden.com.au\/cars\/ute\/range\/sv6#accessories)](com.cucumber.HoldenApplitoolsPOC.CompareLiveAUwithPreprodTest)" name="holdenAUApplitools[Data Row #: 165 " time="73.473"/>
  <testcase classname="holdenAUApplitools[Data Row #: 166 ( For URL http:\/\/www.holden.com.au\/cars\/ute\/range\/sv6#features)](com.cucumber.HoldenApplitoolsPOC.CompareLiveAUwithPreprodTest)" name="holdenAUApplitools[Data Row #: 166 " time="9.56"/>
  <testcase classname="holdenAUApplitools[Data Row #: 167 ( For URL http:\/\/www.holden.com.au\/cars\/ute\/range\/sv6#specifications)](com.cucumber.HoldenApplitoolsPOC.CompareLiveAUwithPreprodTest)" name="holdenAUApplitools[Data Row #: 167 " time="6.115"/>
</testsuite>