<?xml version="1.0" encoding="UTF-8" ?>
<testsuite tests="168" failures="0" name="com.cucumber.HoldenApplitoolsPOC.CompareLiveAUwithUATTest" time="12.987" errors="168" skipped="0">
  <properties>
[...]
</properties>
  <testcase classname="holdenAUApplitools[Data Row #: 0 ( For URL http:\/\/www.holden.com.au\/cars\/barina\/range\/cd#accessories)](com.cucumber.HoldenApplitoolsPOC.CompareLiveAUwithUATTest)" name="holdenAUApplitools[Data Row #: 0 " time="10.596">
    <error message="Eyes not open" type="java.lang.IllegalStateException">java.lang.IllegalStateException: Eyes not open
	at com.applitools.utils.ArgumentGuard.isValidState(ArgumentGuard.java:105)
	at com.applitools.eyes.EyesBase.checkWindowBase(EyesBase.java:718)
	at com.applitools.eyes.Eyes.checkWindow(Eyes.java:189)
	at com.applitools.eyes.Eyes.checkWindow(Eyes.java:165)
	at com.cucumber.HoldenApplitoolsPOC.CompareLiveAUwithUATTest.holdenAUApplitools(CompareLiveAUwithUATTest.java:75)
	at sun.reflect.NativeMethodAccessorImpl.invoke0(Native Method)
	at sun.reflect.NativeMethodAccessorImpl.invoke(Unknown Source)
	at sun.reflect.DelegatingMethodAccessorImpl.invoke(Unknown Source)
	at java.lang.reflect.Method.invoke(Unknown Source)
	at org.junit.runners.model.FrameworkMethod$1.runReflectiveCall(FrameworkMethod.java:47)
	at org.junit.internal.runners.model.ReflectiveCallable.run(ReflectiveCallable.java:12)
	at org.junit.runners.model.FrameworkMethod.invokeExplosively(FrameworkMethod.java:44)
	at org.junit.internal.runners.statements.InvokeMethod.evaluate(InvokeMethod.java:17)
	at org.junit.runners.ParentRunner.runLeaf(ParentRunner.java:271)
	at org.junit.runners.BlockJUnit4ClassRunner.runChild(BlockJUnit4ClassRunner.java:70)
	at org.junit.runners.BlockJUnit4ClassRunner.runChild(BlockJUnit4ClassRunner.java:50)
	at org.junit.runners.ParentRunner$3.run(ParentRunner.java:238)
	at org.junit.runners.ParentRunner$1.schedule(ParentRunner.java:63)
	at org.junit.runners.ParentRunner.runChildren(ParentRunner.java:236)
	at org.junit.runners.ParentRunner.access$000(ParentRunner.java:53)
	at org.junit.runners.ParentRunner$2.evaluate(ParentRunner.java:229)
	at org.junit.runners.ParentRunner.run(ParentRunner.java:309)
	at org.junit.runners.Suite.runChild(Suite.java:127)
	at org.junit.runners.Suite.runChild(Suite.java:26)
	at org.junit.runners.ParentRunner$3.run(ParentRunner.java:238)
	at org.junit.runners.ParentRunner$1.schedule(ParentRunner.java:63)
	at org.junit.runners.ParentRunner.runChildren(ParentRunner.java:236)
	at org.junit.runners.ParentRunner.access$000(ParentRunner.java:53)
	at org.junit.runners.ParentRunner$2.evaluate(ParentRunner.java:229)
	at org.junit.internal.runners.statements.RunBefores.evaluate(RunBefores.java:26)
	at org.junit.internal.runners.statements.RunAfters.evaluate(RunAfters.java:27)
	at org.junit.runners.ParentRunner.run(ParentRunner.java:309)
	at org.apache.maven.surefire.junit4.JUnit4TestSet.execute(JUnit4TestSet.java:53)
	at org.apache.maven.surefire.junit4.JUnit4Provider.executeTestSet(JUnit4Provider.java:123)
	at org.apache.maven.surefire.junit4.JUnit4Provider.invoke(JUnit4Provider.java:104)
	at sun.reflect.NativeMethodAccessorImpl.invoke0(Native Method)
	at sun.reflect.NativeMethodAccessorImpl.invoke(Unknown Source)
	at sun.reflect.DelegatingMethodAccessorImpl.invoke(Unknown Source)
	at java.lang.reflect.Method.invoke(Unknown Source)
	at org.apache.maven.surefire.util.ReflectionUtils.invokeMethodWithArray(ReflectionUtils.java:164)
	at org.apache.maven.surefire.booter.ProviderFactory$ProviderProxy.invoke(ProviderFactory.java:110)
	at org.apache.maven.surefire.booter.SurefireStarter.invokeProvider(SurefireStarter.java:175)
	at org.apache.maven.surefire.booter.SurefireStarter.runSuitesInProcessWhenForked(SurefireStarter.java:107)
	at org.apache.maven.surefire.booter.ForkedBooter.main(ForkedBooter.java:68)
</error>
    <system-out>rownum: 0
rownum: 1
colno: 0 cell value: http://www.holden.com.au/cars/barina/range/cd#accessories
rownum: 2
colno: 0 cell value: http://www.holden.com.au/cars/barina/range/cd#features
rownum: 3
colno: 0 cell value: http://www.holden.com.au/cars/barina/range/cd#specifications
rownum: 4
colno: 0 cell value: http://www.holden.com.au/cars/barina/range/cdx#accessories
rownum: 5
colno: 0 cell value: http://www.holden.com.au/cars/barina/range/cdx#features
rownum: 6
colno: 0 cell value: http://www.holden.com.au/cars/barina/range/cdx#specifications
rownum: 7
colno: 0 cell value: http://www.holden.com.au/cars/barina/range/rs#accessories
rownum: 8
colno: 0 cell value: http://www.holden.com.au/cars/barina/range/rs#features
rownum: 9
colno: 0 cell value: http://www.holden.com.au/cars/barina/range/rs#specifications
rownum: 10
colno: 0 cell value: http://www.holden.com.au/cars/barina-spark/range/accessories
rownum: 11
colno: 0 cell value: http://www.holden.com.au/cars/barina-spark/range/features
rownum: 12
colno: 0 cell value: http://www.holden.com.au/cars/barina-spark/range/specifications
rownum: 13
colno: 0 cell value: http://www.holden.com.au/cars/caprice/range/caprice-v#accessories
rownum: 14
colno: 0 cell value: http://www.holden.com.au/cars/caprice/range/caprice-v#features
rownum: 15
colno: 0 cell value: http://www.holden.com.au/cars/caprice/range/caprice-v#specifications
rownum: 16
colno: 0 cell value: http://www.holden.com.au/cars/captiva-5/range/accessories
rownum: 17
colno: 0 cell value: http://www.holden.com.au/cars/captiva-5/range/features
rownum: 18
colno: 0 cell value: http://www.holden.com.au/cars/captiva-5/range/specifications
rownum: 19
colno: 0 cell value: http://www.holden.com.au/cars/captiva-7/range/ls#accessories
rownum: 20
colno: 0 cell value: http://www.holden.com.au/cars/captiva-7/range/ls#features
rownum: 21
colno: 0 cell value: http://www.holden.com.au/cars/captiva-7/range/ls#specifications
rownum: 22
colno: 0 cell value: http://www.holden.com.au/cars/captiva-7/range/lt#accessories
rownum: 23
colno: 0 cell value: http://www.holden.com.au/cars/captiva-7/range/lt#features
rownum: 24
colno: 0 cell value: http://www.holden.com.au/cars/captiva-7/range/lt#specifications
rownum: 25
colno: 0 cell value: http://www.holden.com.au/cars/captiva-7/range/ltz#accessories
rownum: 26
colno: 0 cell value: http://www.holden.com.au/cars/captiva-7/range/ltz#features
rownum: 27
colno: 0 cell value: http://www.holden.com.au/cars/captiva-7/range/ltz#specifications
rownum: 28
colno: 0 cell value: http://www.holden.com.au/cars/colorado/4x2-range/crew-cab-chassis-ls#accessories
rownum: 29
colno: 0 cell value: http://www.holden.com.au/cars/colorado/4x2-range/crew-cab-chassis-ls#features
rownum: 30
colno: 0 cell value: http://www.holden.com.au/cars/colorado/4x2-range/crew-cab-chassis-ls#specifications
rownum: 31
colno: 0 cell value: http://www.holden.com.au/cars/colorado/4x2-range/crew-cab-pickup-ls#accessories
rownum: 32
colno: 0 cell value: http://www.holden.com.au/cars/colorado/4x2-range/crew-cab-pickup-ls#features
rownum: 33
colno: 0 cell value: http://www.holden.com.au/cars/colorado/4x2-range/crew-cab-pickup-ls#specifications
rownum: 34
colno: 0 cell value: http://www.holden.com.au/cars/colorado/4x2-range/crew-cab-pickup-lt#accessories
rownum: 35
colno: 0 cell value: http://www.holden.com.au/cars/colorado/4x2-range/crew-cab-pickup-lt#features
rownum: 36
colno: 0 cell value: http://www.holden.com.au/cars/colorado/4x2-range/crew-cab-pickup-lt#specifications
rownum: 37
colno: 0 cell value: http://www.holden.com.au/cars/colorado/4x2-range/crew-cab-pickup-ltz#accessories
rownum: 38
colno: 0 cell value: http://www.holden.com.au/cars/colorado/4x2-range/crew-cab-pickup-ltz#features
rownum: 39
colno: 0 cell value: http://www.holden.com.au/cars/colorado/4x2-range/crew-cab-pickup-ltz#specifications
rownum: 40
colno: 0 cell value: http://www.holden.com.au/cars/colorado/4x2-range/single-cab-chassis-ls#accessories
rownum: 41
colno: 0 cell value: http://www.holden.com.au/cars/colorado/4x2-range/single-cab-chassis-ls#features
rownum: 42
colno: 0 cell value: http://www.holden.com.au/cars/colorado/4x2-range/single-cab-chassis-ls#specifications
rownum: 43
colno: 0 cell value: http://www.holden.com.au/cars/colorado/4x4-range/crew-cab-chassis-ls#accessories
rownum: 44
colno: 0 cell value: http://www.holden.com.au/cars/colorado/4x4-range/crew-cab-chassis-ls#features
rownum: 45
colno: 0 cell value: http://www.holden.com.au/cars/colorado/4x4-range/crew-cab-chassis-ls#specifications
rownum: 46
colno: 0 cell value: http://www.holden.com.au/cars/colorado/4x4-range/crew-cab-pickup-ls#accessories
rownum: 47
colno: 0 cell value: http://www.holden.com.au/cars/colorado/4x4-range/crew-cab-pickup-ls#features
rownum: 48
colno: 0 cell value: http://www.holden.com.au/cars/colorado/4x4-range/crew-cab-pickup-ls#specifications
rownum: 49
colno: 0 cell value: http://www.holden.com.au/cars/colorado/4x4-range/crew-cab-pickup-lt#accessories
rownum: 50
colno: 0 cell value: http://www.holden.com.au/cars/colorado/4x4-range/crew-cab-pickup-lt#features
rownum: 51
colno: 0 cell value: http://www.holden.com.au/cars/colorado/4x4-range/crew-cab-pickup-lt#specifications
rownum: 52
colno: 0 cell value: http://www.holden.com.au/cars/colorado/4x4-range/crew-cab-pickup-ltz#accessories
rownum: 53
colno: 0 cell value: http://www.holden.com.au/cars/colorado/4x4-range/crew-cab-pickup-ltz#features
rownum: 54
colno: 0 cell value: http://www.holden.com.au/cars/colorado/4x4-range/crew-cab-pickup-ltz#specifications
rownum: 55
colno: 0 cell value: http://www.holden.com.au/cars/colorado/4x4-range/single-cab-chassis-dx#accessories
rownum: 56
colno: 0 cell value: http://www.holden.com.au/cars/colorado/4x4-range/single-cab-chassis-dx#features
rownum: 57
colno: 0 cell value: http://www.holden.com.au/cars/colorado/4x4-range/single-cab-chassis-dx#specifications
rownum: 58
colno: 0 cell value: http://www.holden.com.au/cars/colorado/4x4-range/single-cab-chassis-ls#accessories
rownum: 59
colno: 0 cell value: http://www.holden.com.au/cars/colorado/4x4-range/single-cab-chassis-ls#features
rownum: 60
colno: 0 cell value: http://www.holden.com.au/cars/colorado/4x4-range/single-cab-chassis-ls#specifications
rownum: 61
colno: 0 cell value: http://www.holden.com.au/cars/colorado/4x4-range/space-cab-chassis-ls#accessories
rownum: 62
colno: 0 cell value: http://www.holden.com.au/cars/colorado/4x4-range/space-cab-chassis-ls#features
rownum: 63
colno: 0 cell value: http://www.holden.com.au/cars/colorado/4x4-range/space-cab-chassis-ls#specifications
rownum: 64
colno: 0 cell value: http://www.holden.com.au/cars/colorado/4x4-range/space-cab-pickup-ltz#accessories
rownum: 65
colno: 0 cell value: http://www.holden.com.au/cars/colorado/4x4-range/space-cab-pickup-ltz#features
rownum: 66
colno: 0 cell value: http://www.holden.com.au/cars/colorado/4x4-range/space-cab-pickup-ltz#specifications
rownum: 67
colno: 0 cell value: http://www.holden.com.au/cars/colorado-7/range/lt#accessories
rownum: 68
colno: 0 cell value: http://www.holden.com.au/cars/colorado-7/range/lt#features
rownum: 69
colno: 0 cell value: http://www.holden.com.au/cars/colorado-7/range/lt#specifications
rownum: 70
colno: 0 cell value: http://www.holden.com.au/cars/colorado-7/range/ltz#accessories
rownum: 71
colno: 0 cell value: http://www.holden.com.au/cars/colorado-7/range/ltz#features
rownum: 72
colno: 0 cell value: http://www.holden.com.au/cars/colorado-7/range/ltz#specifications
rownum: 73
colno: 0 cell value: http://www.holden.com.au/cars/commodore/sedan-range/calais#accessories
rownum: 74
colno: 0 cell value: http://www.holden.com.au/cars/commodore/sedan-range/calais#features
rownum: 75
colno: 0 cell value: http://www.holden.com.au/cars/commodore/sedan-range/calais#specifications
rownum: 76
colno: 0 cell value: http://www.holden.com.au/cars/commodore/sedan-range/calais-v#accessories
rownum: 77
colno: 0 cell value: http://www.holden.com.au/cars/commodore/sedan-range/calais-v#features
rownum: 78
colno: 0 cell value: http://www.holden.com.au/cars/commodore/sedan-range/calais-v#specifications
rownum: 79
colno: 0 cell value: http://www.holden.com.au/cars/commodore/sedan-range/evoke#accessories
rownum: 80
colno: 0 cell value: http://www.holden.com.au/cars/commodore/sedan-range/evoke#features
rownum: 81
colno: 0 cell value: http://www.holden.com.au/cars/commodore/sedan-range/evoke#specifications
rownum: 82
colno: 0 cell value: http://www.holden.com.au/cars/commodore/sedan-range/ss#accessories
rownum: 83
colno: 0 cell value: http://www.holden.com.au/cars/commodore/sedan-range/ss#features
rownum: 84
colno: 0 cell value: http://www.holden.com.au/cars/commodore/sedan-range/ss#specifications
rownum: 85
colno: 0 cell value: http://www.holden.com.au/cars/commodore/sedan-range/ss-v#accessories
rownum: 86
colno: 0 cell value: http://www.holden.com.au/cars/commodore/sedan-range/ss-v#features
rownum: 87
colno: 0 cell value: http://www.holden.com.au/cars/commodore/sedan-range/ss-v#specifications
rownum: 88
colno: 0 cell value: http://www.holden.com.au/cars/commodore/sedan-range/ss-v-redline#accessories
rownum: 89
colno: 0 cell value: http://www.holden.com.au/cars/commodore/sedan-range/ss-v-redline#features
rownum: 90
colno: 0 cell value: http://www.holden.com.au/cars/commodore/sedan-range/ss-v-redline#specifications
rownum: 91
colno: 0 cell value: http://www.holden.com.au/cars/commodore/sedan-range/sv6#accessories
rownum: 92
colno: 0 cell value: http://www.holden.com.au/cars/commodore/sedan-range/sv6#features
rownum: 93
colno: 0 cell value: http://www.holden.com.au/cars/commodore/sedan-range/sv6#specifications
rownum: 94
colno: 0 cell value: http://www.holden.com.au/cars/commodore/sportwagon-range/calais#accessories
rownum: 95
colno: 0 cell value: http://www.holden.com.au/cars/commodore/sportwagon-range/calais#features
rownum: 96
colno: 0 cell value: http://www.holden.com.au/cars/commodore/sportwagon-range/calais#specifications
rownum: 97
colno: 0 cell value: http://www.holden.com.au/cars/commodore/sportwagon-range/calais-v-sportwagon#accessories
rownum: 98
colno: 0 cell value: http://www.holden.com.au/cars/commodore/sportwagon-range/calais-v-sportwagon#features
rownum: 99
colno: 0 cell value: http://www.holden.com.au/cars/commodore/sportwagon-range/calais-v-sportwagon#specifications
rownum: 100
colno: 0 cell value: http://www.holden.com.au/cars/commodore/sportwagon-range/evoke#accessories
rownum: 101
colno: 0 cell value: http://www.holden.com.au/cars/commodore/sportwagon-range/evoke#features
rownum: 102
colno: 0 cell value: http://www.holden.com.au/cars/commodore/sportwagon-range/evoke#specifications
rownum: 103
colno: 0 cell value: http://www.holden.com.au/cars/commodore/sportwagon-range/ss#accessories
rownum: 104
colno: 0 cell value: http://www.holden.com.au/cars/commodore/sportwagon-range/ss#features
rownum: 105
colno: 0 cell value: http://www.holden.com.au/cars/commodore/sportwagon-range/ss#specifications
rownum: 106
colno: 0 cell value: http://www.holden.com.au/cars/commodore/sportwagon-range/ss-v#accessories
rownum: 107
colno: 0 cell value: http://www.holden.com.au/cars/commodore/sportwagon-range/ss-v#features
rownum: 108
colno: 0 cell value: http://www.holden.com.au/cars/commodore/sportwagon-range/ss-v#specifications
rownum: 109
colno: 0 cell value: http://www.holden.com.au/cars/commodore/sportwagon-range/ss-v-redline#accessories
rownum: 110
colno: 0 cell value: http://www.holden.com.au/cars/commodore/sportwagon-range/ss-v-redline#features
rownum: 111
colno: 0 cell value: http://www.holden.com.au/cars/commodore/sportwagon-range/ss-v-redline#specifications
rownum: 112
colno: 0 cell value: http://www.holden.com.au/cars/commodore/sportwagon-range/sv6#accessories
rownum: 113
colno: 0 cell value: http://www.holden.com.au/cars/commodore/sportwagon-range/sv6#features
rownum: 114
colno: 0 cell value: http://www.holden.com.au/cars/commodore/sportwagon-range/sv6#specifications
rownum: 115
colno: 0 cell value: http://www.holden.com.au/cars/cruze/range/cd-sportwagon#accessories
rownum: 116
colno: 0 cell value: http://www.holden.com.au/cars/cruze/range/cd-sportwagon#features
rownum: 117
colno: 0 cell value: http://www.holden.com.au/cars/cruze/range/cd-sportwagon#specifications
rownum: 118
colno: 0 cell value: http://www.holden.com.au/cars/cruze/range/cdx-sedan#accessories
rownum: 119
colno: 0 cell value: http://www.holden.com.au/cars/cruze/range/cdx-sedan#features
rownum: 120
colno: 0 cell value: http://www.holden.com.au/cars/cruze/range/cdx-sedan#specifications
rownum: 121
colno: 0 cell value: http://www.holden.com.au/cars/cruze/range/cdx-sportwagon#accessories
rownum: 122
colno: 0 cell value: http://www.holden.com.au/cars/cruze/range/cdx-sportwagon#features
rownum: 123
colno: 0 cell value: http://www.holden.com.au/cars/cruze/range/cdx-sportwagon#specifications
rownum: 124
colno: 0 cell value: http://www.holden.com.au/cars/cruze/range/equipe-hatch#accessories
rownum: 125
colno: 0 cell value: http://www.holden.com.au/cars/cruze/range/equipe-hatch#features
rownum: 126
colno: 0 cell value: http://www.holden.com.au/cars/cruze/range/equipe-hatch#specifications
rownum: 127
colno: 0 cell value: http://www.holden.com.au/cars/cruze/range/equipe-sedan#accessories
rownum: 128
colno: 0 cell value: http://www.holden.com.au/cars/cruze/range/equipe-sedan#features
rownum: 129
colno: 0 cell value: http://www.holden.com.au/cars/cruze/range/equipe-sedan#specifications
rownum: 130
colno: 0 cell value: http://www.holden.com.au/cars/cruze/range/sri-hatch#accessories
rownum: 131
colno: 0 cell value: http://www.holden.com.au/cars/cruze/range/sri-hatch#features
rownum: 132
colno: 0 cell value: http://www.holden.com.au/cars/cruze/range/sri-hatch#specifications
rownum: 133
colno: 0 cell value: http://www.holden.com.au/cars/cruze/range/sri-sedan#accessories
rownum: 134
colno: 0 cell value: http://www.holden.com.au/cars/cruze/range/sri-sedan#features
rownum: 135
colno: 0 cell value: http://www.holden.com.au/cars/cruze/range/sri-sedan#specifications
rownum: 136
colno: 0 cell value: http://www.holden.com.au/cars/cruze/range/sriv-hatch#accessories
rownum: 137
colno: 0 cell value: http://www.holden.com.au/cars/cruze/range/sriv-hatch#features
rownum: 138
colno: 0 cell value: http://www.holden.com.au/cars/cruze/range/sriv-hatch#specifications
rownum: 139
colno: 0 cell value: http://www.holden.com.au/cars/cruze/range/sri-v-sedan#accessories
rownum: 140
colno: 0 cell value: http://www.holden.com.au/cars/cruze/range/sri-v-sedan#features
rownum: 141
colno: 0 cell value: http://www.holden.com.au/cars/cruze/range/sri-v-sedan#specifications
rownum: 142
colno: 0 cell value: http://www.holden.com.au/cars/malibu/range/cd#accessories
rownum: 143
colno: 0 cell value: http://www.holden.com.au/cars/malibu/range/cd#features
rownum: 144
colno: 0 cell value: http://www.holden.com.au/cars/malibu/range/cd#specifications
rownum: 145
colno: 0 cell value: http://www.holden.com.au/cars/malibu/range/cdx#accessories
rownum: 146
colno: 0 cell value: http://www.holden.com.au/cars/malibu/range/cdx#features
rownum: 147
colno: 0 cell value: http://www.holden.com.au/cars/malibu/range/cdx#specifications
rownum: 148
colno: 0 cell value: http://www.holden.com.au/cars/trax/range/ls#accessories
rownum: 149
colno: 0 cell value: http://www.holden.com.au/cars/trax/range/ls#features
rownum: 150
colno: 0 cell value: http://www.holden.com.au/cars/trax/range/ls#specifications
rownum: 151
colno: 0 cell value: http://www.holden.com.au/cars/trax/range/ltz#accessories
rownum: 152
colno: 0 cell value: http://www.holden.com.au/cars/trax/range/ltz#features
rownum: 153
colno: 0 cell value: http://www.holden.com.au/cars/trax/range/ltz#specifications
rownum: 154
colno: 0 cell value: http://www.holden.com.au/cars/ute/range/holden-ute#accessories
rownum: 155
colno: 0 cell value: http://www.holden.com.au/cars/ute/range/holden-ute#features
rownum: 156
colno: 0 cell value: http://www.holden.com.au/cars/ute/range/holden-ute#specifications
rownum: 157
colno: 0 cell value: http://www.holden.com.au/cars/ute/range/ss#accessories
rownum: 158
colno: 0 cell value: http://www.holden.com.au/cars/ute/range/ss#features
rownum: 159
colno: 0 cell value: http://www.holden.com.au/cars/ute/range/ss#specifications
rownum: 160
colno: 0 cell value: http://www.holden.com.au/cars/ute/range/ss-v#accessories
rownum: 161
colno: 0 cell value: http://www.holden.com.au/cars/ute/range/ss-v#features
rownum: 162
colno: 0 cell value: http://www.holden.com.au/cars/ute/range/ss-v#specifications
rownum: 163
colno: 0 cell value: http://www.holden.com.au/cars/ute/range/ss-v-redline#accessories
rownum: 164
colno: 0 cell value: http://www.holden.com.au/cars/ute/range/ss-v-redline#features
rownum: 165
colno: 0 cell value: http://www.holden.com.au/cars/ute/range/ss-v-redline#specifications
rownum: 166
colno: 0 cell value: http://www.holden.com.au/cars/ute/range/sv6#accessories
rownum: 167
colno: 0 cell value: http://www.holden.com.au/cars/ute/range/sv6#features
rownum: 168
colno: 0 cell value: http://www.holden.com.au/cars/ute/range/sv6#specifications
</system-out>
    <system-err>Starting ChromeDriver (v2.11.298604 (75ea2fdb5c87f133a8e1b8da16f6091fb7d5321e)) on port 19708
Only local connections are allowed.
</system-err>
  </testcase>
  <testcase classname="holdenAUApplitools[Data Row #: 1 ( For URL http:\/\/www.holden.com.au\/cars\/barina\/range\/cd#features)](com.cucumber.HoldenApplitoolsPOC.CompareLiveAUwithUATTest)" name="holdenAUApplitools[Data Row #: 1 " time="0">
    <error message="Eyes not open" type="java.lang.IllegalStateException">java.lang.IllegalStateException: Eyes not open
	at com.applitools.utils.ArgumentGuard.isValidState(ArgumentGuard.java:105)
	at com.applitools.eyes.EyesBase.close(EyesBase.java:463)
	at com.applitools.eyes.Eyes.close(Eyes.java:19)
	at com.cucumber.HoldenApplitoolsPOC.CompareLiveAUwithUATTest.holdenAUApplitools(CompareLiveAUwithUATTest.java:53)
	at sun.reflect.NativeMethodAccessorImpl.invoke0(Native Method)
	at sun.reflect.NativeMethodAccessorImpl.invoke(Unknown Source)
	at sun.reflect.DelegatingMethodAccessorImpl.invoke(Unknown Source)
	at java.lang.reflect.Method.invoke(Unknown Source)
	at org.junit.runners.model.FrameworkMethod$1.runReflectiveCall(FrameworkMethod.java:47)
	at org.junit.internal.runners.model.ReflectiveCallable.run(ReflectiveCallable.java:12)
	at org.junit.runners.model.FrameworkMethod.invokeExplosively(FrameworkMethod.java:44)
	at org.junit.internal.runners.statements.InvokeMethod.evaluate(InvokeMethod.java:17)
	at org.junit.runners.ParentRunner.runLeaf(ParentRunner.java:271)
	at org.junit.runners.BlockJUnit4ClassRunner.runChild(BlockJUnit4ClassRunner.java:70)
	at org.junit.runners.BlockJUnit4ClassRunner.runChild(BlockJUnit4ClassRunner.java:50)
	at org.junit.runners.ParentRunner$3.run(ParentRunner.java:238)
	at org.junit.runners.ParentRunner$1.schedule(ParentRunner.java:63)
	at org.junit.runners.ParentRunner.runChildren(ParentRunner.java:236)
	at org.junit.runners.ParentRunner.access$000(ParentRunner.java:53)
	at org.junit.runners.ParentRunner$2.evaluate(ParentRunner.java:229)
	at org.junit.runners.ParentRunner.run(ParentRunner.java:309)
	at org.junit.runners.Suite.runChild(Suite.java:127)
	at org.junit.runners.Suite.runChild(Suite.java:26)
	at org.junit.runners.ParentRunner$3.run(ParentRunner.java:238)
	at org.junit.runners.ParentRunner$1.schedule(ParentRunner.java:63)
	at org.junit.runners.ParentRunner.runChildren(ParentRunner.java:236)
	at org.junit.runners.ParentRunner.access$000(ParentRunner.java:53)
	at org.junit.runners.ParentRunner$2.evaluate(ParentRunner.java:229)
	at org.junit.internal.runners.statements.RunBefores.evaluate(RunBefores.java:26)
	at org.junit.internal.runners.statements.RunAfters.evaluate(RunAfters.java:27)
	at org.junit.runners.ParentRunner.run(ParentRunner.java:309)
	at org.apache.maven.surefire.junit4.JUnit4TestSet.execute(JUnit4TestSet.java:53)
	at org.apache.maven.surefire.junit4.JUnit4Provider.executeTestSet(JUnit4Provider.java:123)
	at org.apache.maven.surefire.junit4.JUnit4Provider.invoke(JUnit4Provider.java:104)
	at sun.reflect.NativeMethodAccessorImpl.invoke0(Native Method)
	at sun.reflect.NativeMethodAccessorImpl.invoke(Unknown Source)
	at sun.reflect.DelegatingMethodAccessorImpl.invoke(Unknown Source)
	at java.lang.reflect.Method.invoke(Unknown Source)
	at org.apache.maven.surefire.util.ReflectionUtils.invokeMethodWithArray(ReflectionUtils.java:164)
	at org.apache.maven.surefire.booter.ProviderFactory$ProviderProxy.invoke(ProviderFactory.java:110)
	at org.apache.maven.surefire.booter.SurefireStarter.invokeProvider(SurefireStarter.java:175)
	at org.apache.maven.surefire.booter.SurefireStarter.runSuitesInProcessWhenForked(SurefireStarter.java:107)
	at org.apache.maven.surefire.booter.ForkedBooter.main(ForkedBooter.java:68)
</error>
  </testcase>
  <testcase classname="holdenAUApplitools[Data Row #: 2 ( For URL http:\/\/www.holden.com.au\/cars\/barina\/range\/cd#specifications)](com.cucumber.HoldenApplitoolsPOC.CompareLiveAUwithUATTest)" name="holdenAUApplitools[Data Row #: 2 " time="0">
    <error message="Eyes not open" type="java.lang.IllegalStateException">java.lang.IllegalStateException: Eyes not open
	at com.applitools.utils.ArgumentGuard.isValidState(ArgumentGuard.java:105)
	at com.applitools.eyes.EyesBase.close(EyesBase.java:463)
	at com.applitools.eyes.Eyes.close(Eyes.java:19)
	at com.cucumber.HoldenApplitoolsPOC.CompareLiveAUwithUATTest.holdenAUApplitools(CompareLiveAUwithUATTest.java:53)
	at sun.reflect.NativeMethodAccessorImpl.invoke0(Native Method)
	at sun.reflect.NativeMethodAccessorImpl.invoke(Unknown Source)
	at sun.reflect.DelegatingMethodAccessorImpl.invoke(Unknown Source)
	at java.lang.reflect.Method.invoke(Unknown Source)
	at org.junit.runners.model.FrameworkMethod$1.runReflectiveCall(FrameworkMethod.java:47)
	at org.junit.internal.runners.model.ReflectiveCallable.run(ReflectiveCallable.java:12)
	at org.junit.runners.model.FrameworkMethod.invokeExplosively(FrameworkMethod.java:44)
	at org.junit.internal.runners.statements.InvokeMethod.evaluate(InvokeMethod.java:17)
	at org.junit.runners.ParentRunner.runLeaf(ParentRunner.java:271)
	at org.junit.runners.BlockJUnit4ClassRunner.runChild(BlockJUnit4ClassRunner.java:70)
	at org.junit.runners.BlockJUnit4ClassRunner.runChild(BlockJUnit4ClassRunner.java:50)
	at org.junit.runners.ParentRunner$3.run(ParentRunner.java:238)
	at org.junit.runners.ParentRunner$1.schedule(ParentRunner.java:63)
	at org.junit.runners.ParentRunner.runChildren(ParentRunner.java:236)
	at org.junit.runners.ParentRunner.access$000(ParentRunner.java:53)
	at org.junit.runners.ParentRunner$2.evaluate(ParentRunner.java:229)
	at org.junit.runners.ParentRunner.run(ParentRunner.java:309)
	at org.junit.runners.Suite.runChild(Suite.java:127)
	at org.junit.runners.Suite.runChild(Suite.java:26)
	at org.junit.runners.ParentRunner$3.run(ParentRunner.java:238)
	at org.junit.runners.ParentRunner$1.schedule(ParentRunner.java:63)
	at org.junit.runners.ParentRunner.runChildren(ParentRunner.java:236)
	at org.junit.runners.ParentRunner.access$000(ParentRunner.java:53)
	at org.junit.runners.ParentRunner$2.evaluate(ParentRunner.java:229)
	at org.junit.internal.runners.statements.RunBefores.evaluate(RunBefores.java:26)
	at org.junit.internal.runners.statements.RunAfters.evaluate(RunAfters.java:27)
	at org.junit.runners.ParentRunner.run(ParentRunner.java:309)
	at org.apache.maven.surefire.junit4.JUnit4TestSet.execute(JUnit4TestSet.java:53)
	at org.apache.maven.surefire.junit4.JUnit4Provider.executeTestSet(JUnit4Provider.java:123)
	at org.apache.maven.surefire.junit4.JUnit4Provider.invoke(JUnit4Provider.java:104)
	at sun.reflect.NativeMethodAccessorImpl.invoke0(Native Method)
	at sun.reflect.NativeMethodAccessorImpl.invoke(Unknown Source)
	at sun.reflect.DelegatingMethodAccessorImpl.invoke(Unknown Source)
	at java.lang.reflect.Method.invoke(Unknown Source)
	at org.apache.maven.surefire.util.ReflectionUtils.invokeMethodWithArray(ReflectionUtils.java:164)
	at org.apache.maven.surefire.booter.ProviderFactory$ProviderProxy.invoke(ProviderFactory.java:110)
	at org.apache.maven.surefire.booter.SurefireStarter.invokeProvider(SurefireStarter.java:175)
	at org.apache.maven.surefire.booter.SurefireStarter.runSuitesInProcessWhenForked(SurefireStarter.java:107)
	at org.apache.maven.surefire.booter.ForkedBooter.main(ForkedBooter.java:68)
</error>
  </testcase>
  <testcase classname="holdenAUApplitools[Data Row #: 3 ( For URL http:\/\/www.holden.com.au\/cars\/barina\/range\/cdx#accessories)](com.cucumber.HoldenApplitoolsPOC.CompareLiveAUwithUATTest)" name="holdenAUApplitools[Data Row #: 3 " time="0.001">
    <error message="Eyes not open" type="java.lang.IllegalStateException">java.lang.IllegalStateException: Eyes not open
	at com.applitools.utils.ArgumentGuard.isValidState(ArgumentGuard.java:105)
	at com.applitools.eyes.EyesBase.close(EyesBase.java:463)
	at com.applitools.eyes.Eyes.close(Eyes.java:19)
	at com.cucumber.HoldenApplitoolsPOC.CompareLiveAUwithUATTest.holdenAUApplitools(CompareLiveAUwithUATTest.java:53)
	at sun.reflect.NativeMethodAccessorImpl.invoke0(Native Method)
	at sun.reflect.NativeMethodAccessorImpl.invoke(Unknown Source)
	at sun.reflect.DelegatingMethodAccessorImpl.invoke(Unknown Source)
	at java.lang.reflect.Method.invoke(Unknown Source)
	at org.junit.runners.model.FrameworkMethod$1.runReflectiveCall(FrameworkMethod.java:47)
	at org.junit.internal.runners.model.ReflectiveCallable.run(ReflectiveCallable.java:12)
	at org.junit.runners.model.FrameworkMethod.invokeExplosively(FrameworkMethod.java:44)
	at org.junit.internal.runners.statements.InvokeMethod.evaluate(InvokeMethod.java:17)
	at org.junit.runners.ParentRunner.runLeaf(ParentRunner.java:271)
	at org.junit.runners.BlockJUnit4ClassRunner.runChild(BlockJUnit4ClassRunner.java:70)
	at org.junit.runners.BlockJUnit4ClassRunner.runChild(BlockJUnit4ClassRunner.java:50)
	at org.junit.runners.ParentRunner$3.run(ParentRunner.java:238)
	at org.junit.runners.ParentRunner$1.schedule(ParentRunner.java:63)
	at org.junit.runners.ParentRunner.runChildren(ParentRunner.java:236)
	at org.junit.runners.ParentRunner.access$000(ParentRunner.java:53)
	at org.junit.runners.ParentRunner$2.evaluate(ParentRunner.java:229)
	at org.junit.runners.ParentRunner.run(ParentRunner.java:309)
	at org.junit.runners.Suite.runChild(Suite.java:127)
	at org.junit.runners.Suite.runChild(Suite.java:26)
	at org.junit.runners.ParentRunner$3.run(ParentRunner.java:238)
	at org.junit.runners.ParentRunner$1.schedule(ParentRunner.java:63)
	at org.junit.runners.ParentRunner.runChildren(ParentRunner.java:236)
	at org.junit.runners.ParentRunner.access$000(ParentRunner.java:53)
	at org.junit.runners.ParentRunner$2.evaluate(ParentRunner.java:229)
	at org.junit.internal.runners.statements.RunBefores.evaluate(RunBefores.java:26)
	at org.junit.internal.runners.statements.RunAfters.evaluate(RunAfters.java:27)
	at org.junit.runners.ParentRunner.run(ParentRunner.java:309)
	at org.apache.maven.surefire.junit4.JUnit4TestSet.execute(JUnit4TestSet.java:53)
	at org.apache.maven.surefire.junit4.JUnit4Provider.executeTestSet(JUnit4Provider.java:123)
	at org.apache.maven.surefire.junit4.JUnit4Provider.invoke(JUnit4Provider.java:104)
	at sun.reflect.NativeMethodAccessorImpl.invoke0(Native Method)
	at sun.reflect.NativeMethodAccessorImpl.invoke(Unknown Source)
	at sun.reflect.DelegatingMethodAccessorImpl.invoke(Unknown Source)
	at java.lang.reflect.Method.invoke(Unknown Source)
	at org.apache.maven.surefire.util.ReflectionUtils.invokeMethodWithArray(ReflectionUtils.java:164)
	at org.apache.maven.surefire.booter.ProviderFactory$ProviderProxy.invoke(ProviderFactory.java:110)
	at org.apache.maven.surefire.booter.SurefireStarter.invokeProvider(SurefireStarter.java:175)
	at org.apache.maven.surefire.booter.SurefireStarter.runSuitesInProcessWhenForked(SurefireStarter.java:107)
	at org.apache.maven.surefire.booter.ForkedBooter.main(ForkedBooter.java:68)
</error>
  </testcase>
  <testcase classname="holdenAUApplitools[Data Row #: 4 ( For URL http:\/\/www.holden.com.au\/cars\/barina\/range\/cdx#features)](com.cucumber.HoldenApplitoolsPOC.CompareLiveAUwithUATTest)" name="holdenAUApplitools[Data Row #: 4 " time="0">
    <error message="Eyes not open" type="java.lang.IllegalStateException">java.lang.IllegalStateException: Eyes not open
	at com.applitools.utils.ArgumentGuard.isValidState(ArgumentGuard.java:105)
	at com.applitools.eyes.EyesBase.close(EyesBase.java:463)
	at com.applitools.eyes.Eyes.close(Eyes.java:19)
	at com.cucumber.HoldenApplitoolsPOC.CompareLiveAUwithUATTest.holdenAUApplitools(CompareLiveAUwithUATTest.java:53)
	at sun.reflect.NativeMethodAccessorImpl.invoke0(Native Method)
	at sun.reflect.NativeMethodAccessorImpl.invoke(Unknown Source)
	at sun.reflect.DelegatingMethodAccessorImpl.invoke(Unknown Source)
	at java.lang.reflect.Method.invoke(Unknown Source)
	at org.junit.runners.model.FrameworkMethod$1.runReflectiveCall(FrameworkMethod.java:47)
	at org.junit.internal.runners.model.ReflectiveCallable.run(ReflectiveCallable.java:12)
	at org.junit.runners.model.FrameworkMethod.invokeExplosively(FrameworkMethod.java:44)
	at org.junit.internal.runners.statements.InvokeMethod.evaluate(InvokeMethod.java:17)
	at org.junit.runners.ParentRunner.runLeaf(ParentRunner.java:271)
	at org.junit.runners.BlockJUnit4ClassRunner.runChild(BlockJUnit4ClassRunner.java:70)
	at org.junit.runners.BlockJUnit4ClassRunner.runChild(BlockJUnit4ClassRunner.java:50)
	at org.junit.runners.ParentRunner$3.run(ParentRunner.java:238)
	at org.junit.runners.ParentRunner$1.schedule(ParentRunner.java:63)
	at org.junit.runners.ParentRunner.runChildren(ParentRunner.java:236)
	at org.junit.runners.ParentRunner.access$000(ParentRunner.java:53)
	at org.junit.runners.ParentRunner$2.evaluate(ParentRunner.java:229)
	at org.junit.runners.ParentRunner.run(ParentRunner.java:309)
	at org.junit.runners.Suite.runChild(Suite.java:127)
	at org.junit.runners.Suite.runChild(Suite.java:26)
	at org.junit.runners.ParentRunner$3.run(ParentRunner.java:238)
	at org.junit.runners.ParentRunner$1.schedule(ParentRunner.java:63)
	at org.junit.runners.ParentRunner.runChildren(ParentRunner.java:236)
	at org.junit.runners.ParentRunner.access$000(ParentRunner.java:53)
	at org.junit.runners.ParentRunner$2.evaluate(ParentRunner.java:229)
	at org.junit.internal.runners.statements.RunBefores.evaluate(RunBefores.java:26)
	at org.junit.internal.runners.statements.RunAfters.evaluate(RunAfters.java:27)
	at org.junit.runners.ParentRunner.run(ParentRunner.java:309)
	at org.apache.maven.surefire.junit4.JUnit4TestSet.execute(JUnit4TestSet.java:53)
	at org.apache.maven.surefire.junit4.JUnit4Provider.executeTestSet(JUnit4Provider.java:123)
	at org.apache.maven.surefire.junit4.JUnit4Provider.invoke(JUnit4Provider.java:104)
	at sun.reflect.NativeMethodAccessorImpl.invoke0(Native Method)
	at sun.reflect.NativeMethodAccessorImpl.invoke(Unknown Source)
	at sun.reflect.DelegatingMethodAccessorImpl.invoke(Unknown Source)
	at java.lang.reflect.Method.invoke(Unknown Source)
	at org.apache.maven.surefire.util.ReflectionUtils.invokeMethodWithArray(ReflectionUtils.java:164)
	at org.apache.maven.surefire.booter.ProviderFactory$ProviderProxy.invoke(ProviderFactory.java:110)
	at org.apache.maven.surefire.booter.SurefireStarter.invokeProvider(SurefireStarter.java:175)
	at org.apache.maven.surefire.booter.SurefireStarter.runSuitesInProcessWhenForked(SurefireStarter.java:107)
	at org.apache.maven.surefire.booter.ForkedBooter.main(ForkedBooter.java:68)
</error>
  </testcase>
  <testcase classname="holdenAUApplitools[Data Row #: 5 ( For URL http:\/\/www.holden.com.au\/cars\/barina\/range\/cdx#specifications)](com.cucumber.HoldenApplitoolsPOC.CompareLiveAUwithUATTest)" name="holdenAUApplitools[Data Row #: 5 " time="0">
    <error message="Eyes not open" type="java.lang.IllegalStateException">java.lang.IllegalStateException: Eyes not open
	at com.applitools.utils.ArgumentGuard.isValidState(ArgumentGuard.java:105)
	at com.applitools.eyes.EyesBase.close(EyesBase.java:463)
	at com.applitools.eyes.Eyes.close(Eyes.java:19)
	at com.cucumber.HoldenApplitoolsPOC.CompareLiveAUwithUATTest.holdenAUApplitools(CompareLiveAUwithUATTest.java:53)
	at sun.reflect.NativeMethodAccessorImpl.invoke0(Native Method)
	at sun.reflect.NativeMethodAccessorImpl.invoke(Unknown Source)
	at sun.reflect.DelegatingMethodAccessorImpl.invoke(Unknown Source)
	at java.lang.reflect.Method.invoke(Unknown Source)
	at org.junit.runners.model.FrameworkMethod$1.runReflectiveCall(FrameworkMethod.java:47)
	at org.junit.internal.runners.model.ReflectiveCallable.run(ReflectiveCallable.java:12)
	at org.junit.runners.model.FrameworkMethod.invokeExplosively(FrameworkMethod.java:44)
	at org.junit.internal.runners.statements.InvokeMethod.evaluate(InvokeMethod.java:17)
	at org.junit.runners.ParentRunner.runLeaf(ParentRunner.java:271)
	at org.junit.runners.BlockJUnit4ClassRunner.runChild(BlockJUnit4ClassRunner.java:70)
	at org.junit.runners.BlockJUnit4ClassRunner.runChild(BlockJUnit4ClassRunner.java:50)
	at org.junit.runners.ParentRunner$3.run(ParentRunner.java:238)
	at org.junit.runners.ParentRunner$1.schedule(ParentRunner.java:63)
	at org.junit.runners.ParentRunner.runChildren(ParentRunner.java:236)
	at org.junit.runners.ParentRunner.access$000(ParentRunner.java:53)
	at org.junit.runners.ParentRunner$2.evaluate(ParentRunner.java:229)
	at org.junit.runners.ParentRunner.run(ParentRunner.java:309)
	at org.junit.runners.Suite.runChild(Suite.java:127)
	at org.junit.runners.Suite.runChild(Suite.java:26)
	at org.junit.runners.ParentRunner$3.run(ParentRunner.java:238)
	at org.junit.runners.ParentRunner$1.schedule(ParentRunner.java:63)
	at org.junit.runners.ParentRunner.runChildren(ParentRunner.java:236)
	at org.junit.runners.ParentRunner.access$000(ParentRunner.java:53)
	at org.junit.runners.ParentRunner$2.evaluate(ParentRunner.java:229)
	at org.junit.internal.runners.statements.RunBefores.evaluate(RunBefores.java:26)
	at org.junit.internal.runners.statements.RunAfters.evaluate(RunAfters.java:27)
	at org.junit.runners.ParentRunner.run(ParentRunner.java:309)
	at org.apache.maven.surefire.junit4.JUnit4TestSet.execute(JUnit4TestSet.java:53)
	at org.apache.maven.surefire.junit4.JUnit4Provider.executeTestSet(JUnit4Provider.java:123)
	at org.apache.maven.surefire.junit4.JUnit4Provider.invoke(JUnit4Provider.java:104)
	at sun.reflect.NativeMethodAccessorImpl.invoke0(Native Method)
	at sun.reflect.NativeMethodAccessorImpl.invoke(Unknown Source)
	at sun.reflect.DelegatingMethodAccessorImpl.invoke(Unknown Source)
	at java.lang.reflect.Method.invoke(Unknown Source)
	at org.apache.maven.surefire.util.ReflectionUtils.invokeMethodWithArray(ReflectionUtils.java:164)
	at org.apache.maven.surefire.booter.ProviderFactory$ProviderProxy.invoke(ProviderFactory.java:110)
	at org.apache.maven.surefire.booter.SurefireStarter.invokeProvider(SurefireStarter.java:175)
	at org.apache.maven.surefire.booter.SurefireStarter.runSuitesInProcessWhenForked(SurefireStarter.java:107)
	at org.apache.maven.surefire.booter.ForkedBooter.main(ForkedBooter.java:68)
</error>
  </testcase>
  <testcase classname="holdenAUApplitools[Data Row #: 6 ( For URL http:\/\/www.holden.com.au\/cars\/barina\/range\/rs#accessories)](com.cucumber.HoldenApplitoolsPOC.CompareLiveAUwithUATTest)" name="holdenAUApplitools[Data Row #: 6 " time="0">
    <error message="Eyes not open" type="java.lang.IllegalStateException">java.lang.IllegalStateException: Eyes not open
	at com.applitools.utils.ArgumentGuard.isValidState(ArgumentGuard.java:105)
	at com.applitools.eyes.EyesBase.close(EyesBase.java:463)
	at com.applitools.eyes.Eyes.close(Eyes.java:19)
	at com.cucumber.HoldenApplitoolsPOC.CompareLiveAUwithUATTest.holdenAUApplitools(CompareLiveAUwithUATTest.java:53)
	at sun.reflect.NativeMethodAccessorImpl.invoke0(Native Method)
	at sun.reflect.NativeMethodAccessorImpl.invoke(Unknown Source)
	at sun.reflect.DelegatingMethodAccessorImpl.invoke(Unknown Source)
	at java.lang.reflect.Method.invoke(Unknown Source)
	at org.junit.runners.model.FrameworkMethod$1.runReflectiveCall(FrameworkMethod.java:47)
	at org.junit.internal.runners.model.ReflectiveCallable.run(ReflectiveCallable.java:12)
	at org.junit.runners.model.FrameworkMethod.invokeExplosively(FrameworkMethod.java:44)
	at org.junit.internal.runners.statements.InvokeMethod.evaluate(InvokeMethod.java:17)
	at org.junit.runners.ParentRunner.runLeaf(ParentRunner.java:271)
	at org.junit.runners.BlockJUnit4ClassRunner.runChild(BlockJUnit4ClassRunner.java:70)
	at org.junit.runners.BlockJUnit4ClassRunner.runChild(BlockJUnit4ClassRunner.java:50)
	at org.junit.runners.ParentRunner$3.run(ParentRunner.java:238)
	at org.junit.runners.ParentRunner$1.schedule(ParentRunner.java:63)
	at org.junit.runners.ParentRunner.runChildren(ParentRunner.java:236)
	at org.junit.runners.ParentRunner.access$000(ParentRunner.java:53)
	at org.junit.runners.ParentRunner$2.evaluate(ParentRunner.java:229)
	at org.junit.runners.ParentRunner.run(ParentRunner.java:309)
	at org.junit.runners.Suite.runChild(Suite.java:127)
	at org.junit.runners.Suite.runChild(Suite.java:26)
	at org.junit.runners.ParentRunner$3.run(ParentRunner.java:238)
	at org.junit.runners.ParentRunner$1.schedule(ParentRunner.java:63)
	at org.junit.runners.ParentRunner.runChildren(ParentRunner.java:236)
	at org.junit.runners.ParentRunner.access$000(ParentRunner.java:53)
	at org.junit.runners.ParentRunner$2.evaluate(ParentRunner.java:229)
	at org.junit.internal.runners.statements.RunBefores.evaluate(RunBefores.java:26)
	at org.junit.internal.runners.statements.RunAfters.evaluate(RunAfters.java:27)
	at org.junit.runners.ParentRunner.run(ParentRunner.java:309)
	at org.apache.maven.surefire.junit4.JUnit4TestSet.execute(JUnit4TestSet.java:53)
	at org.apache.maven.surefire.junit4.JUnit4Provider.executeTestSet(JUnit4Provider.java:123)
	at org.apache.maven.surefire.junit4.JUnit4Provider.invoke(JUnit4Provider.java:104)
	at sun.reflect.NativeMethodAccessorImpl.invoke0(Native Method)
	at sun.reflect.NativeMethodAccessorImpl.invoke(Unknown Source)
	at sun.reflect.DelegatingMethodAccessorImpl.invoke(Unknown Source)
	at java.lang.reflect.Method.invoke(Unknown Source)
	at org.apache.maven.surefire.util.ReflectionUtils.invokeMethodWithArray(ReflectionUtils.java:164)
	at org.apache.maven.surefire.booter.ProviderFactory$ProviderProxy.invoke(ProviderFactory.java:110)
	at org.apache.maven.surefire.booter.SurefireStarter.invokeProvider(SurefireStarter.java:175)
	at org.apache.maven.surefire.booter.SurefireStarter.runSuitesInProcessWhenForked(SurefireStarter.java:107)
	at org.apache.maven.surefire.booter.ForkedBooter.main(ForkedBooter.java:68)
</error>
  </testcase>
  <testcase classname="holdenAUApplitools[Data Row #: 7 ( For URL http:\/\/www.holden.com.au\/cars\/barina\/range\/rs#features)](com.cucumber.HoldenApplitoolsPOC.CompareLiveAUwithUATTest)" name="holdenAUApplitools[Data Row #: 7 " time="0">
    <error message="Eyes not open" type="java.lang.IllegalStateException">java.lang.IllegalStateException: Eyes not open
	at com.applitools.utils.ArgumentGuard.isValidState(ArgumentGuard.java:105)
	at com.applitools.eyes.EyesBase.close(EyesBase.java:463)
	at com.applitools.eyes.Eyes.close(Eyes.java:19)
	at com.cucumber.HoldenApplitoolsPOC.CompareLiveAUwithUATTest.holdenAUApplitools(CompareLiveAUwithUATTest.java:53)
	at sun.reflect.NativeMethodAccessorImpl.invoke0(Native Method)
	at sun.reflect.NativeMethodAccessorImpl.invoke(Unknown Source)
	at sun.reflect.DelegatingMethodAccessorImpl.invoke(Unknown Source)
	at java.lang.reflect.Method.invoke(Unknown Source)
	at org.junit.runners.model.FrameworkMethod$1.runReflectiveCall(FrameworkMethod.java:47)
	at org.junit.internal.runners.model.ReflectiveCallable.run(ReflectiveCallable.java:12)
	at org.junit.runners.model.FrameworkMethod.invokeExplosively(FrameworkMethod.java:44)
	at org.junit.internal.runners.statements.InvokeMethod.evaluate(InvokeMethod.java:17)
	at org.junit.runners.ParentRunner.runLeaf(ParentRunner.java:271)
	at org.junit.runners.BlockJUnit4ClassRunner.runChild(BlockJUnit4ClassRunner.java:70)
	at org.junit.runners.BlockJUnit4ClassRunner.runChild(BlockJUnit4ClassRunner.java:50)
	at org.junit.runners.ParentRunner$3.run(ParentRunner.java:238)
	at org.junit.runners.ParentRunner$1.schedule(ParentRunner.java:63)
	at org.junit.runners.ParentRunner.runChildren(ParentRunner.java:236)
	at org.junit.runners.ParentRunner.access$000(ParentRunner.java:53)
	at org.junit.runners.ParentRunner$2.evaluate(ParentRunner.java:229)
	at org.junit.runners.ParentRunner.run(ParentRunner.java:309)
	at org.junit.runners.Suite.runChild(Suite.java:127)
	at org.junit.runners.Suite.runChild(Suite.java:26)
	at org.junit.runners.ParentRunner$3.run(ParentRunner.java:238)
	at org.junit.runners.ParentRunner$1.schedule(ParentRunner.java:63)
	at org.junit.runners.ParentRunner.runChildren(ParentRunner.java:236)
	at org.junit.runners.ParentRunner.access$000(ParentRunner.java:53)
	at org.junit.runners.ParentRunner$2.evaluate(ParentRunner.java:229)
	at org.junit.internal.runners.statements.RunBefores.evaluate(RunBefores.java:26)
	at org.junit.internal.runners.statements.RunAfters.evaluate(RunAfters.java:27)
	at org.junit.runners.ParentRunner.run(ParentRunner.java:309)
	at org.apache.maven.surefire.junit4.JUnit4TestSet.execute(JUnit4TestSet.java:53)
	at org.apache.maven.surefire.junit4.JUnit4Provider.executeTestSet(JUnit4Provider.java:123)
	at org.apache.maven.surefire.junit4.JUnit4Provider.invoke(JUnit4Provider.java:104)
	at sun.reflect.NativeMethodAccessorImpl.invoke0(Native Method)
	at sun.reflect.NativeMethodAccessorImpl.invoke(Unknown Source)
	at sun.reflect.DelegatingMethodAccessorImpl.invoke(Unknown Source)
	at java.lang.reflect.Method.invoke(Unknown Source)
	at org.apache.maven.surefire.util.ReflectionUtils.invokeMethodWithArray(ReflectionUtils.java:164)
	at org.apache.maven.surefire.booter.ProviderFactory$ProviderProxy.invoke(ProviderFactory.java:110)
	at org.apache.maven.surefire.booter.SurefireStarter.invokeProvider(SurefireStarter.java:175)
	at org.apache.maven.surefire.booter.SurefireStarter.runSuitesInProcessWhenForked(SurefireStarter.java:107)
	at org.apache.maven.surefire.booter.ForkedBooter.main(ForkedBooter.java:68)
</error>
  </testcase>
  <testcase classname="holdenAUApplitools[Data Row #: 8 ( For URL http:\/\/www.holden.com.au\/cars\/barina\/range\/rs#specifications)](com.cucumber.HoldenApplitoolsPOC.CompareLiveAUwithUATTest)" name="holdenAUApplitools[Data Row #: 8 " time="0.001">
    <error message="Eyes not open" type="java.lang.IllegalStateException">java.lang.IllegalStateException: Eyes not open
	at com.applitools.utils.ArgumentGuard.isValidState(ArgumentGuard.java:105)
	at com.applitools.eyes.EyesBase.close(EyesBase.java:463)
	at com.applitools.eyes.Eyes.close(Eyes.java:19)
	at com.cucumber.HoldenApplitoolsPOC.CompareLiveAUwithUATTest.holdenAUApplitools(CompareLiveAUwithUATTest.java:53)
	at sun.reflect.NativeMethodAccessorImpl.invoke0(Native Method)
	at sun.reflect.NativeMethodAccessorImpl.invoke(Unknown Source)
	at sun.reflect.DelegatingMethodAccessorImpl.invoke(Unknown Source)
	at java.lang.reflect.Method.invoke(Unknown Source)
	at org.junit.runners.model.FrameworkMethod$1.runReflectiveCall(FrameworkMethod.java:47)
	at org.junit.internal.runners.model.ReflectiveCallable.run(ReflectiveCallable.java:12)
	at org.junit.runners.model.FrameworkMethod.invokeExplosively(FrameworkMethod.java:44)
	at org.junit.internal.runners.statements.InvokeMethod.evaluate(InvokeMethod.java:17)
	at org.junit.runners.ParentRunner.runLeaf(ParentRunner.java:271)
	at org.junit.runners.BlockJUnit4ClassRunner.runChild(BlockJUnit4ClassRunner.java:70)
	at org.junit.runners.BlockJUnit4ClassRunner.runChild(BlockJUnit4ClassRunner.java:50)
	at org.junit.runners.ParentRunner$3.run(ParentRunner.java:238)
	at org.junit.runners.ParentRunner$1.schedule(ParentRunner.java:63)
	at org.junit.runners.ParentRunner.runChildren(ParentRunner.java:236)
	at org.junit.runners.ParentRunner.access$000(ParentRunner.java:53)
	at org.junit.runners.ParentRunner$2.evaluate(ParentRunner.java:229)
	at org.junit.runners.ParentRunner.run(ParentRunner.java:309)
	at org.junit.runners.Suite.runChild(Suite.java:127)
	at org.junit.runners.Suite.runChild(Suite.java:26)
	at org.junit.runners.ParentRunner$3.run(ParentRunner.java:238)
	at org.junit.runners.ParentRunner$1.schedule(ParentRunner.java:63)
	at org.junit.runners.ParentRunner.runChildren(ParentRunner.java:236)
	at org.junit.runners.ParentRunner.access$000(ParentRunner.java:53)
	at org.junit.runners.ParentRunner$2.evaluate(ParentRunner.java:229)
	at org.junit.internal.runners.statements.RunBefores.evaluate(RunBefores.java:26)
	at org.junit.internal.runners.statements.RunAfters.evaluate(RunAfters.java:27)
	at org.junit.runners.ParentRunner.run(ParentRunner.java:309)
	at org.apache.maven.surefire.junit4.JUnit4TestSet.execute(JUnit4TestSet.java:53)
	at org.apache.maven.surefire.junit4.JUnit4Provider.executeTestSet(JUnit4Provider.java:123)
	at org.apache.maven.surefire.junit4.JUnit4Provider.invoke(JUnit4Provider.java:104)
	at sun.reflect.NativeMethodAccessorImpl.invoke0(Native Method)
	at sun.reflect.NativeMethodAccessorImpl.invoke(Unknown Source)
	at sun.reflect.DelegatingMethodAccessorImpl.invoke(Unknown Source)
	at java.lang.reflect.Method.invoke(Unknown Source)
	at org.apache.maven.surefire.util.ReflectionUtils.invokeMethodWithArray(ReflectionUtils.java:164)
	at org.apache.maven.surefire.booter.ProviderFactory$ProviderProxy.invoke(ProviderFactory.java:110)
	at org.apache.maven.surefire.booter.SurefireStarter.invokeProvider(SurefireStarter.java:175)
	at org.apache.maven.surefire.booter.SurefireStarter.runSuitesInProcessWhenForked(SurefireStarter.java:107)
	at org.apache.maven.surefire.booter.ForkedBooter.main(ForkedBooter.java:68)
</error>
  </testcase>
  <testcase classname="holdenAUApplitools[Data Row #: 9 ( For URL http:\/\/www.holden.com.au\/cars\/barina-spark\/range\/accessories)](com.cucumber.HoldenApplitoolsPOC.CompareLiveAUwithUATTest)" name="holdenAUApplitools[Data Row #: 9 " time="0">
    <error message="Eyes not open" type="java.lang.IllegalStateException">java.lang.IllegalStateException: Eyes not open
	at com.applitools.utils.ArgumentGuard.isValidState(ArgumentGuard.java:105)
	at com.applitools.eyes.EyesBase.close(EyesBase.java:463)
	at com.applitools.eyes.Eyes.close(Eyes.java:19)
	at com.cucumber.HoldenApplitoolsPOC.CompareLiveAUwithUATTest.holdenAUApplitools(CompareLiveAUwithUATTest.java:53)
	at sun.reflect.NativeMethodAccessorImpl.invoke0(Native Method)
	at sun.reflect.NativeMethodAccessorImpl.invoke(Unknown Source)
	at sun.reflect.DelegatingMethodAccessorImpl.invoke(Unknown Source)
	at java.lang.reflect.Method.invoke(Unknown Source)
	at org.junit.runners.model.FrameworkMethod$1.runReflectiveCall(FrameworkMethod.java:47)
	at org.junit.internal.runners.model.ReflectiveCallable.run(ReflectiveCallable.java:12)
	at org.junit.runners.model.FrameworkMethod.invokeExplosively(FrameworkMethod.java:44)
	at org.junit.internal.runners.statements.InvokeMethod.evaluate(InvokeMethod.java:17)
	at org.junit.runners.ParentRunner.runLeaf(ParentRunner.java:271)
	at org.junit.runners.BlockJUnit4ClassRunner.runChild(BlockJUnit4ClassRunner.java:70)
	at org.junit.runners.BlockJUnit4ClassRunner.runChild(BlockJUnit4ClassRunner.java:50)
	at org.junit.runners.ParentRunner$3.run(ParentRunner.java:238)
	at org.junit.runners.ParentRunner$1.schedule(ParentRunner.java:63)
	at org.junit.runners.ParentRunner.runChildren(ParentRunner.java:236)
	at org.junit.runners.ParentRunner.access$000(ParentRunner.java:53)
	at org.junit.runners.ParentRunner$2.evaluate(ParentRunner.java:229)
	at org.junit.runners.ParentRunner.run(ParentRunner.java:309)
	at org.junit.runners.Suite.runChild(Suite.java:127)
	at org.junit.runners.Suite.runChild(Suite.java:26)
	at org.junit.runners.ParentRunner$3.run(ParentRunner.java:238)
	at org.junit.runners.ParentRunner$1.schedule(ParentRunner.java:63)
	at org.junit.runners.ParentRunner.runChildren(ParentRunner.java:236)
	at org.junit.runners.ParentRunner.access$000(ParentRunner.java:53)
	at org.junit.runners.ParentRunner$2.evaluate(ParentRunner.java:229)
	at org.junit.internal.runners.statements.RunBefores.evaluate(RunBefores.java:26)
	at org.junit.internal.runners.statements.RunAfters.evaluate(RunAfters.java:27)
	at org.junit.runners.ParentRunner.run(ParentRunner.java:309)
	at org.apache.maven.surefire.junit4.JUnit4TestSet.execute(JUnit4TestSet.java:53)
	at org.apache.maven.surefire.junit4.JUnit4Provider.executeTestSet(JUnit4Provider.java:123)
	at org.apache.maven.surefire.junit4.JUnit4Provider.invoke(JUnit4Provider.java:104)
	at sun.reflect.NativeMethodAccessorImpl.invoke0(Native Method)
	at sun.reflect.NativeMethodAccessorImpl.invoke(Unknown Source)
	at sun.reflect.DelegatingMethodAccessorImpl.invoke(Unknown Source)
	at java.lang.reflect.Method.invoke(Unknown Source)
	at org.apache.maven.surefire.util.ReflectionUtils.invokeMethodWithArray(ReflectionUtils.java:164)
	at org.apache.maven.surefire.booter.ProviderFactory$ProviderProxy.invoke(ProviderFactory.java:110)
	at org.apache.maven.surefire.booter.SurefireStarter.invokeProvider(SurefireStarter.java:175)
	at org.apache.maven.surefire.booter.SurefireStarter.runSuitesInProcessWhenForked(SurefireStarter.java:107)
	at org.apache.maven.surefire.booter.ForkedBooter.main(ForkedBooter.java:68)
</error>
  </testcase>
  <testcase classname="holdenAUApplitools[Data Row #: 10 ( For URL http:\/\/www.holden.com.au\/cars\/barina-spark\/range\/features)](com.cucumber.HoldenApplitoolsPOC.CompareLiveAUwithUATTest)" name="holdenAUApplitools[Data Row #: 10 " time="0">
    <error message="Eyes not open" type="java.lang.IllegalStateException">java.lang.IllegalStateException: Eyes not open
	at com.applitools.utils.ArgumentGuard.isValidState(ArgumentGuard.java:105)
	at com.applitools.eyes.EyesBase.close(EyesBase.java:463)
	at com.applitools.eyes.Eyes.close(Eyes.java:19)
	at com.cucumber.HoldenApplitoolsPOC.CompareLiveAUwithUATTest.holdenAUApplitools(CompareLiveAUwithUATTest.java:53)
	at sun.reflect.NativeMethodAccessorImpl.invoke0(Native Method)
	at sun.reflect.NativeMethodAccessorImpl.invoke(Unknown Source)
	at sun.reflect.DelegatingMethodAccessorImpl.invoke(Unknown Source)
	at java.lang.reflect.Method.invoke(Unknown Source)
	at org.junit.runners.model.FrameworkMethod$1.runReflectiveCall(FrameworkMethod.java:47)
	at org.junit.internal.runners.model.ReflectiveCallable.run(ReflectiveCallable.java:12)
	at org.junit.runners.model.FrameworkMethod.invokeExplosively(FrameworkMethod.java:44)
	at org.junit.internal.runners.statements.InvokeMethod.evaluate(InvokeMethod.java:17)
	at org.junit.runners.ParentRunner.runLeaf(ParentRunner.java:271)
	at org.junit.runners.BlockJUnit4ClassRunner.runChild(BlockJUnit4ClassRunner.java:70)
	at org.junit.runners.BlockJUnit4ClassRunner.runChild(BlockJUnit4ClassRunner.java:50)
	at org.junit.runners.ParentRunner$3.run(ParentRunner.java:238)
	at org.junit.runners.ParentRunner$1.schedule(ParentRunner.java:63)
	at org.junit.runners.ParentRunner.runChildren(ParentRunner.java:236)
	at org.junit.runners.ParentRunner.access$000(ParentRunner.java:53)
	at org.junit.runners.ParentRunner$2.evaluate(ParentRunner.java:229)
	at org.junit.runners.ParentRunner.run(ParentRunner.java:309)
	at org.junit.runners.Suite.runChild(Suite.java:127)
	at org.junit.runners.Suite.runChild(Suite.java:26)
	at org.junit.runners.ParentRunner$3.run(ParentRunner.java:238)
	at org.junit.runners.ParentRunner$1.schedule(ParentRunner.java:63)
	at org.junit.runners.ParentRunner.runChildren(ParentRunner.java:236)
	at org.junit.runners.ParentRunner.access$000(ParentRunner.java:53)
	at org.junit.runners.ParentRunner$2.evaluate(ParentRunner.java:229)
	at org.junit.internal.runners.statements.RunBefores.evaluate(RunBefores.java:26)
	at org.junit.internal.runners.statements.RunAfters.evaluate(RunAfters.java:27)
	at org.junit.runners.ParentRunner.run(ParentRunner.java:309)
	at org.apache.maven.surefire.junit4.JUnit4TestSet.execute(JUnit4TestSet.java:53)
	at org.apache.maven.surefire.junit4.JUnit4Provider.executeTestSet(JUnit4Provider.java:123)
	at org.apache.maven.surefire.junit4.JUnit4Provider.invoke(JUnit4Provider.java:104)
	at sun.reflect.NativeMethodAccessorImpl.invoke0(Native Method)
	at sun.reflect.NativeMethodAccessorImpl.invoke(Unknown Source)
	at sun.reflect.DelegatingMethodAccessorImpl.invoke(Unknown Source)
	at java.lang.reflect.Method.invoke(Unknown Source)
	at org.apache.maven.surefire.util.ReflectionUtils.invokeMethodWithArray(ReflectionUtils.java:164)
	at org.apache.maven.surefire.booter.ProviderFactory$ProviderProxy.invoke(ProviderFactory.java:110)
	at org.apache.maven.surefire.booter.SurefireStarter.invokeProvider(SurefireStarter.java:175)
	at org.apache.maven.surefire.booter.SurefireStarter.runSuitesInProcessWhenForked(SurefireStarter.java:107)
	at org.apache.maven.surefire.booter.ForkedBooter.main(ForkedBooter.java:68)
</error>
  </testcase>
  <testcase classname="holdenAUApplitools[Data Row #: 11 ( For URL http:\/\/www.holden.com.au\/cars\/barina-spark\/range\/specifications)](com.cucumber.HoldenApplitoolsPOC.CompareLiveAUwithUATTest)" name="holdenAUApplitools[Data Row #: 11 " time="0">
    <error message="Eyes not open" type="java.lang.IllegalStateException">java.lang.IllegalStateException: Eyes not open
	at com.applitools.utils.ArgumentGuard.isValidState(ArgumentGuard.java:105)
	at com.applitools.eyes.EyesBase.close(EyesBase.java:463)
	at com.applitools.eyes.Eyes.close(Eyes.java:19)
	at com.cucumber.HoldenApplitoolsPOC.CompareLiveAUwithUATTest.holdenAUApplitools(CompareLiveAUwithUATTest.java:53)
	at sun.reflect.NativeMethodAccessorImpl.invoke0(Native Method)
	at sun.reflect.NativeMethodAccessorImpl.invoke(Unknown Source)
	at sun.reflect.DelegatingMethodAccessorImpl.invoke(Unknown Source)
	at java.lang.reflect.Method.invoke(Unknown Source)
	at org.junit.runners.model.FrameworkMethod$1.runReflectiveCall(FrameworkMethod.java:47)
	at org.junit.internal.runners.model.ReflectiveCallable.run(ReflectiveCallable.java:12)
	at org.junit.runners.model.FrameworkMethod.invokeExplosively(FrameworkMethod.java:44)
	at org.junit.internal.runners.statements.InvokeMethod.evaluate(InvokeMethod.java:17)
	at org.junit.runners.ParentRunner.runLeaf(ParentRunner.java:271)
	at org.junit.runners.BlockJUnit4ClassRunner.runChild(BlockJUnit4ClassRunner.java:70)
	at org.junit.runners.BlockJUnit4ClassRunner.runChild(BlockJUnit4ClassRunner.java:50)
	at org.junit.runners.ParentRunner$3.run(ParentRunner.java:238)
	at org.junit.runners.ParentRunner$1.schedule(ParentRunner.java:63)
	at org.junit.runners.ParentRunner.runChildren(ParentRunner.java:236)
	at org.junit.runners.ParentRunner.access$000(ParentRunner.java:53)
	at org.junit.runners.ParentRunner$2.evaluate(ParentRunner.java:229)
	at org.junit.runners.ParentRunner.run(ParentRunner.java:309)
	at org.junit.runners.Suite.runChild(Suite.java:127)
	at org.junit.runners.Suite.runChild(Suite.java:26)
	at org.junit.runners.ParentRunner$3.run(ParentRunner.java:238)
	at org.junit.runners.ParentRunner$1.schedule(ParentRunner.java:63)
	at org.junit.runners.ParentRunner.runChildren(ParentRunner.java:236)
	at org.junit.runners.ParentRunner.access$000(ParentRunner.java:53)
	at org.junit.runners.ParentRunner$2.evaluate(ParentRunner.java:229)
	at org.junit.internal.runners.statements.RunBefores.evaluate(RunBefores.java:26)
	at org.junit.internal.runners.statements.RunAfters.evaluate(RunAfters.java:27)
	at org.junit.runners.ParentRunner.run(ParentRunner.java:309)
	at org.apache.maven.surefire.junit4.JUnit4TestSet.execute(JUnit4TestSet.java:53)
	at org.apache.maven.surefire.junit4.JUnit4Provider.executeTestSet(JUnit4Provider.java:123)
	at org.apache.maven.surefire.junit4.JUnit4Provider.invoke(JUnit4Provider.java:104)
	at sun.reflect.NativeMethodAccessorImpl.invoke0(Native Method)
	at sun.reflect.NativeMethodAccessorImpl.invoke(Unknown Source)
	at sun.reflect.DelegatingMethodAccessorImpl.invoke(Unknown Source)
	at java.lang.reflect.Method.invoke(Unknown Source)
	at org.apache.maven.surefire.util.ReflectionUtils.invokeMethodWithArray(ReflectionUtils.java:164)
	at org.apache.maven.surefire.booter.ProviderFactory$ProviderProxy.invoke(ProviderFactory.java:110)
	at org.apache.maven.surefire.booter.SurefireStarter.invokeProvider(SurefireStarter.java:175)
	at org.apache.maven.surefire.booter.SurefireStarter.runSuitesInProcessWhenForked(SurefireStarter.java:107)
	at org.apache.maven.surefire.booter.ForkedBooter.main(ForkedBooter.java:68)
</error>
  </testcase>
  <testcase classname="holdenAUApplitools[Data Row #: 12 ( For URL http:\/\/www.holden.com.au\/cars\/caprice\/range\/caprice-v#accessories)](com.cucumber.HoldenApplitoolsPOC.CompareLiveAUwithUATTest)" name="holdenAUApplitools[Data Row #: 12 " time="0.001">
    <error message="Eyes not open" type="java.lang.IllegalStateException">java.lang.IllegalStateException: Eyes not open
	at com.applitools.utils.ArgumentGuard.isValidState(ArgumentGuard.java:105)
	at com.applitools.eyes.EyesBase.close(EyesBase.java:463)
	at com.applitools.eyes.Eyes.close(Eyes.java:19)
	at com.cucumber.HoldenApplitoolsPOC.CompareLiveAUwithUATTest.holdenAUApplitools(CompareLiveAUwithUATTest.java:53)
	at sun.reflect.NativeMethodAccessorImpl.invoke0(Native Method)
	at sun.reflect.NativeMethodAccessorImpl.invoke(Unknown Source)
	at sun.reflect.DelegatingMethodAccessorImpl.invoke(Unknown Source)
	at java.lang.reflect.Method.invoke(Unknown Source)
	at org.junit.runners.model.FrameworkMethod$1.runReflectiveCall(FrameworkMethod.java:47)
	at org.junit.internal.runners.model.ReflectiveCallable.run(ReflectiveCallable.java:12)
	at org.junit.runners.model.FrameworkMethod.invokeExplosively(FrameworkMethod.java:44)
	at org.junit.internal.runners.statements.InvokeMethod.evaluate(InvokeMethod.java:17)
	at org.junit.runners.ParentRunner.runLeaf(ParentRunner.java:271)
	at org.junit.runners.BlockJUnit4ClassRunner.runChild(BlockJUnit4ClassRunner.java:70)
	at org.junit.runners.BlockJUnit4ClassRunner.runChild(BlockJUnit4ClassRunner.java:50)
	at org.junit.runners.ParentRunner$3.run(ParentRunner.java:238)
	at org.junit.runners.ParentRunner$1.schedule(ParentRunner.java:63)
	at org.junit.runners.ParentRunner.runChildren(ParentRunner.java:236)
	at org.junit.runners.ParentRunner.access$000(ParentRunner.java:53)
	at org.junit.runners.ParentRunner$2.evaluate(ParentRunner.java:229)
	at org.junit.runners.ParentRunner.run(ParentRunner.java:309)
	at org.junit.runners.Suite.runChild(Suite.java:127)
	at org.junit.runners.Suite.runChild(Suite.java:26)
	at org.junit.runners.ParentRunner$3.run(ParentRunner.java:238)
	at org.junit.runners.ParentRunner$1.schedule(ParentRunner.java:63)
	at org.junit.runners.ParentRunner.runChildren(ParentRunner.java:236)
	at org.junit.runners.ParentRunner.access$000(ParentRunner.java:53)
	at org.junit.runners.ParentRunner$2.evaluate(ParentRunner.java:229)
	at org.junit.internal.runners.statements.RunBefores.evaluate(RunBefores.java:26)
	at org.junit.internal.runners.statements.RunAfters.evaluate(RunAfters.java:27)
	at org.junit.runners.ParentRunner.run(ParentRunner.java:309)
	at org.apache.maven.surefire.junit4.JUnit4TestSet.execute(JUnit4TestSet.java:53)
	at org.apache.maven.surefire.junit4.JUnit4Provider.executeTestSet(JUnit4Provider.java:123)
	at org.apache.maven.surefire.junit4.JUnit4Provider.invoke(JUnit4Provider.java:104)
	at sun.reflect.NativeMethodAccessorImpl.invoke0(Native Method)
	at sun.reflect.NativeMethodAccessorImpl.invoke(Unknown Source)
	at sun.reflect.DelegatingMethodAccessorImpl.invoke(Unknown Source)
	at java.lang.reflect.Method.invoke(Unknown Source)
	at org.apache.maven.surefire.util.ReflectionUtils.invokeMethodWithArray(ReflectionUtils.java:164)
	at org.apache.maven.surefire.booter.ProviderFactory$ProviderProxy.invoke(ProviderFactory.java:110)
	at org.apache.maven.surefire.booter.SurefireStarter.invokeProvider(SurefireStarter.java:175)
	at org.apache.maven.surefire.booter.SurefireStarter.runSuitesInProcessWhenForked(SurefireStarter.java:107)
	at org.apache.maven.surefire.booter.ForkedBooter.main(ForkedBooter.java:68)
</error>
  </testcase>
  <testcase classname="holdenAUApplitools[Data Row #: 13 ( For URL http:\/\/www.holden.com.au\/cars\/caprice\/range\/caprice-v#features)](com.cucumber.HoldenApplitoolsPOC.CompareLiveAUwithUATTest)" name="holdenAUApplitools[Data Row #: 13 " time="0">
    <error message="Eyes not open" type="java.lang.IllegalStateException">java.lang.IllegalStateException: Eyes not open
	at com.applitools.utils.ArgumentGuard.isValidState(ArgumentGuard.java:105)
	at com.applitools.eyes.EyesBase.close(EyesBase.java:463)
	at com.applitools.eyes.Eyes.close(Eyes.java:19)
	at com.cucumber.HoldenApplitoolsPOC.CompareLiveAUwithUATTest.holdenAUApplitools(CompareLiveAUwithUATTest.java:53)
	at sun.reflect.NativeMethodAccessorImpl.invoke0(Native Method)
	at sun.reflect.NativeMethodAccessorImpl.invoke(Unknown Source)
	at sun.reflect.DelegatingMethodAccessorImpl.invoke(Unknown Source)
	at java.lang.reflect.Method.invoke(Unknown Source)
	at org.junit.runners.model.FrameworkMethod$1.runReflectiveCall(FrameworkMethod.java:47)
	at org.junit.internal.runners.model.ReflectiveCallable.run(ReflectiveCallable.java:12)
	at org.junit.runners.model.FrameworkMethod.invokeExplosively(FrameworkMethod.java:44)
	at org.junit.internal.runners.statements.InvokeMethod.evaluate(InvokeMethod.java:17)
	at org.junit.runners.ParentRunner.runLeaf(ParentRunner.java:271)
	at org.junit.runners.BlockJUnit4ClassRunner.runChild(BlockJUnit4ClassRunner.java:70)
	at org.junit.runners.BlockJUnit4ClassRunner.runChild(BlockJUnit4ClassRunner.java:50)
	at org.junit.runners.ParentRunner$3.run(ParentRunner.java:238)
	at org.junit.runners.ParentRunner$1.schedule(ParentRunner.java:63)
	at org.junit.runners.ParentRunner.runChildren(ParentRunner.java:236)
	at org.junit.runners.ParentRunner.access$000(ParentRunner.java:53)
	at org.junit.runners.ParentRunner$2.evaluate(ParentRunner.java:229)
	at org.junit.runners.ParentRunner.run(ParentRunner.java:309)
	at org.junit.runners.Suite.runChild(Suite.java:127)
	at org.junit.runners.Suite.runChild(Suite.java:26)
	at org.junit.runners.ParentRunner$3.run(ParentRunner.java:238)
	at org.junit.runners.ParentRunner$1.schedule(ParentRunner.java:63)
	at org.junit.runners.ParentRunner.runChildren(ParentRunner.java:236)
	at org.junit.runners.ParentRunner.access$000(ParentRunner.java:53)
	at org.junit.runners.ParentRunner$2.evaluate(ParentRunner.java:229)
	at org.junit.internal.runners.statements.RunBefores.evaluate(RunBefores.java:26)
	at org.junit.internal.runners.statements.RunAfters.evaluate(RunAfters.java:27)
	at org.junit.runners.ParentRunner.run(ParentRunner.java:309)
	at org.apache.maven.surefire.junit4.JUnit4TestSet.execute(JUnit4TestSet.java:53)
	at org.apache.maven.surefire.junit4.JUnit4Provider.executeTestSet(JUnit4Provider.java:123)
	at org.apache.maven.surefire.junit4.JUnit4Provider.invoke(JUnit4Provider.java:104)
	at sun.reflect.NativeMethodAccessorImpl.invoke0(Native Method)
	at sun.reflect.NativeMethodAccessorImpl.invoke(Unknown Source)
	at sun.reflect.DelegatingMethodAccessorImpl.invoke(Unknown Source)
	at java.lang.reflect.Method.invoke(Unknown Source)
	at org.apache.maven.surefire.util.ReflectionUtils.invokeMethodWithArray(ReflectionUtils.java:164)
	at org.apache.maven.surefire.booter.ProviderFactory$ProviderProxy.invoke(ProviderFactory.java:110)
	at org.apache.maven.surefire.booter.SurefireStarter.invokeProvider(SurefireStarter.java:175)
	at org.apache.maven.surefire.booter.SurefireStarter.runSuitesInProcessWhenForked(SurefireStarter.java:107)
	at org.apache.maven.surefire.booter.ForkedBooter.main(ForkedBooter.java:68)
</error>
  </testcase>
  <testcase classname="holdenAUApplitools[Data Row #: 14 ( For URL http:\/\/www.holden.com.au\/cars\/caprice\/range\/caprice-v#specifications)](com.cucumber.HoldenApplitoolsPOC.CompareLiveAUwithUATTest)" name="holdenAUApplitools[Data Row #: 14 " time="0.02">
    <error message="Eyes not open" type="java.lang.IllegalStateException">java.lang.IllegalStateException: Eyes not open
	at com.applitools.utils.ArgumentGuard.isValidState(ArgumentGuard.java:105)
	at com.applitools.eyes.EyesBase.close(EyesBase.java:463)
	at com.applitools.eyes.Eyes.close(Eyes.java:19)
	at com.cucumber.HoldenApplitoolsPOC.CompareLiveAUwithUATTest.holdenAUApplitools(CompareLiveAUwithUATTest.java:53)
	at sun.reflect.NativeMethodAccessorImpl.invoke0(Native Method)
	at sun.reflect.NativeMethodAccessorImpl.invoke(Unknown Source)
	at sun.reflect.DelegatingMethodAccessorImpl.invoke(Unknown Source)
	at java.lang.reflect.Method.invoke(Unknown Source)
	at org.junit.runners.model.FrameworkMethod$1.runReflectiveCall(FrameworkMethod.java:47)
	at org.junit.internal.runners.model.ReflectiveCallable.run(ReflectiveCallable.java:12)
	at org.junit.runners.model.FrameworkMethod.invokeExplosively(FrameworkMethod.java:44)
	at org.junit.internal.runners.statements.InvokeMethod.evaluate(InvokeMethod.java:17)
	at org.junit.runners.ParentRunner.runLeaf(ParentRunner.java:271)
	at org.junit.runners.BlockJUnit4ClassRunner.runChild(BlockJUnit4ClassRunner.java:70)
	at org.junit.runners.BlockJUnit4ClassRunner.runChild(BlockJUnit4ClassRunner.java:50)
	at org.junit.runners.ParentRunner$3.run(ParentRunner.java:238)
	at org.junit.runners.ParentRunner$1.schedule(ParentRunner.java:63)
	at org.junit.runners.ParentRunner.runChildren(ParentRunner.java:236)
	at org.junit.runners.ParentRunner.access$000(ParentRunner.java:53)
	at org.junit.runners.ParentRunner$2.evaluate(ParentRunner.java:229)
	at org.junit.runners.ParentRunner.run(ParentRunner.java:309)
	at org.junit.runners.Suite.runChild(Suite.java:127)
	at org.junit.runners.Suite.runChild(Suite.java:26)
	at org.junit.runners.ParentRunner$3.run(ParentRunner.java:238)
	at org.junit.runners.ParentRunner$1.schedule(ParentRunner.java:63)
	at org.junit.runners.ParentRunner.runChildren(ParentRunner.java:236)
	at org.junit.runners.ParentRunner.access$000(ParentRunner.java:53)
	at org.junit.runners.ParentRunner$2.evaluate(ParentRunner.java:229)
	at org.junit.internal.runners.statements.RunBefores.evaluate(RunBefores.java:26)
	at org.junit.internal.runners.statements.RunAfters.evaluate(RunAfters.java:27)
	at org.junit.runners.ParentRunner.run(ParentRunner.java:309)
	at org.apache.maven.surefire.junit4.JUnit4TestSet.execute(JUnit4TestSet.java:53)
	at org.apache.maven.surefire.junit4.JUnit4Provider.executeTestSet(JUnit4Provider.java:123)
	at org.apache.maven.surefire.junit4.JUnit4Provider.invoke(JUnit4Provider.java:104)
	at sun.reflect.NativeMethodAccessorImpl.invoke0(Native Method)
	at sun.reflect.NativeMethodAccessorImpl.invoke(Unknown Source)
	at sun.reflect.DelegatingMethodAccessorImpl.invoke(Unknown Source)
	at java.lang.reflect.Method.invoke(Unknown Source)
	at org.apache.maven.surefire.util.ReflectionUtils.invokeMethodWithArray(ReflectionUtils.java:164)
	at org.apache.maven.surefire.booter.ProviderFactory$ProviderProxy.invoke(ProviderFactory.java:110)
	at org.apache.maven.surefire.booter.SurefireStarter.invokeProvider(SurefireStarter.java:175)
	at org.apache.maven.surefire.booter.SurefireStarter.runSuitesInProcessWhenForked(SurefireStarter.java:107)
	at org.apache.maven.surefire.booter.ForkedBooter.main(ForkedBooter.java:68)
</error>
  </testcase>
  <testcase classname="holdenAUApplitools[Data Row #: 15 ( For URL http:\/\/www.holden.com.au\/cars\/captiva-5\/range\/accessories)](com.cucumber.HoldenApplitoolsPOC.CompareLiveAUwithUATTest)" name="holdenAUApplitools[Data Row #: 15 " time="0.001">
    <error message="Eyes not open" type="java.lang.IllegalStateException">java.lang.IllegalStateException: Eyes not open
	at com.applitools.utils.ArgumentGuard.isValidState(ArgumentGuard.java:105)
	at com.applitools.eyes.EyesBase.close(EyesBase.java:463)
	at com.applitools.eyes.Eyes.close(Eyes.java:19)
	at com.cucumber.HoldenApplitoolsPOC.CompareLiveAUwithUATTest.holdenAUApplitools(CompareLiveAUwithUATTest.java:53)
	at sun.reflect.NativeMethodAccessorImpl.invoke0(Native Method)
	at sun.reflect.NativeMethodAccessorImpl.invoke(Unknown Source)
	at sun.reflect.DelegatingMethodAccessorImpl.invoke(Unknown Source)
	at java.lang.reflect.Method.invoke(Unknown Source)
	at org.junit.runners.model.FrameworkMethod$1.runReflectiveCall(FrameworkMethod.java:47)
	at org.junit.internal.runners.model.ReflectiveCallable.run(ReflectiveCallable.java:12)
	at org.junit.runners.model.FrameworkMethod.invokeExplosively(FrameworkMethod.java:44)
	at org.junit.internal.runners.statements.InvokeMethod.evaluate(InvokeMethod.java:17)
	at org.junit.runners.ParentRunner.runLeaf(ParentRunner.java:271)
	at org.junit.runners.BlockJUnit4ClassRunner.runChild(BlockJUnit4ClassRunner.java:70)
	at org.junit.runners.BlockJUnit4ClassRunner.runChild(BlockJUnit4ClassRunner.java:50)
	at org.junit.runners.ParentRunner$3.run(ParentRunner.java:238)
	at org.junit.runners.ParentRunner$1.schedule(ParentRunner.java:63)
	at org.junit.runners.ParentRunner.runChildren(ParentRunner.java:236)
	at org.junit.runners.ParentRunner.access$000(ParentRunner.java:53)
	at org.junit.runners.ParentRunner$2.evaluate(ParentRunner.java:229)
	at org.junit.runners.ParentRunner.run(ParentRunner.java:309)
	at org.junit.runners.Suite.runChild(Suite.java:127)
	at org.junit.runners.Suite.runChild(Suite.java:26)
	at org.junit.runners.ParentRunner$3.run(ParentRunner.java:238)
	at org.junit.runners.ParentRunner$1.schedule(ParentRunner.java:63)
	at org.junit.runners.ParentRunner.runChildren(ParentRunner.java:236)
	at org.junit.runners.ParentRunner.access$000(ParentRunner.java:53)
	at org.junit.runners.ParentRunner$2.evaluate(ParentRunner.java:229)
	at org.junit.internal.runners.statements.RunBefores.evaluate(RunBefores.java:26)
	at org.junit.internal.runners.statements.RunAfters.evaluate(RunAfters.java:27)
	at org.junit.runners.ParentRunner.run(ParentRunner.java:309)
	at org.apache.maven.surefire.junit4.JUnit4TestSet.execute(JUnit4TestSet.java:53)
	at org.apache.maven.surefire.junit4.JUnit4Provider.executeTestSet(JUnit4Provider.java:123)
	at org.apache.maven.surefire.junit4.JUnit4Provider.invoke(JUnit4Provider.java:104)
	at sun.reflect.NativeMethodAccessorImpl.invoke0(Native Method)
	at sun.reflect.NativeMethodAccessorImpl.invoke(Unknown Source)
	at sun.reflect.DelegatingMethodAccessorImpl.invoke(Unknown Source)
	at java.lang.reflect.Method.invoke(Unknown Source)
	at org.apache.maven.surefire.util.ReflectionUtils.invokeMethodWithArray(ReflectionUtils.java:164)
	at org.apache.maven.surefire.booter.ProviderFactory$ProviderProxy.invoke(ProviderFactory.java:110)
	at org.apache.maven.surefire.booter.SurefireStarter.invokeProvider(SurefireStarter.java:175)
	at org.apache.maven.surefire.booter.SurefireStarter.runSuitesInProcessWhenForked(SurefireStarter.java:107)
	at org.apache.maven.surefire.booter.ForkedBooter.main(ForkedBooter.java:68)
</error>
  </testcase>
  <testcase classname="holdenAUApplitools[Data Row #: 16 ( For URL http:\/\/www.holden.com.au\/cars\/captiva-5\/range\/features)](com.cucumber.HoldenApplitoolsPOC.CompareLiveAUwithUATTest)" name="holdenAUApplitools[Data Row #: 16 " time="0">
    <error message="Eyes not open" type="java.lang.IllegalStateException">java.lang.IllegalStateException: Eyes not open
	at com.applitools.utils.ArgumentGuard.isValidState(ArgumentGuard.java:105)
	at com.applitools.eyes.EyesBase.close(EyesBase.java:463)
	at com.applitools.eyes.Eyes.close(Eyes.java:19)
	at com.cucumber.HoldenApplitoolsPOC.CompareLiveAUwithUATTest.holdenAUApplitools(CompareLiveAUwithUATTest.java:53)
	at sun.reflect.GeneratedMethodAccessor24.invoke(Unknown Source)
	at sun.reflect.DelegatingMethodAccessorImpl.invoke(Unknown Source)
	at java.lang.reflect.Method.invoke(Unknown Source)
	at org.junit.runners.model.FrameworkMethod$1.runReflectiveCall(FrameworkMethod.java:47)
	at org.junit.internal.runners.model.ReflectiveCallable.run(ReflectiveCallable.java:12)
	at org.junit.runners.model.FrameworkMethod.invokeExplosively(FrameworkMethod.java:44)
	at org.junit.internal.runners.statements.InvokeMethod.evaluate(InvokeMethod.java:17)
	at org.junit.runners.ParentRunner.runLeaf(ParentRunner.java:271)
	at org.junit.runners.BlockJUnit4ClassRunner.runChild(BlockJUnit4ClassRunner.java:70)
	at org.junit.runners.BlockJUnit4ClassRunner.runChild(BlockJUnit4ClassRunner.java:50)
	at org.junit.runners.ParentRunner$3.run(ParentRunner.java:238)
	at org.junit.runners.ParentRunner$1.schedule(ParentRunner.java:63)
	at org.junit.runners.ParentRunner.runChildren(ParentRunner.java:236)
	at org.junit.runners.ParentRunner.access$000(ParentRunner.java:53)
	at org.junit.runners.ParentRunner$2.evaluate(ParentRunner.java:229)
	at org.junit.runners.ParentRunner.run(ParentRunner.java:309)
	at org.junit.runners.Suite.runChild(Suite.java:127)
	at org.junit.runners.Suite.runChild(Suite.java:26)
	at org.junit.runners.ParentRunner$3.run(ParentRunner.java:238)
	at org.junit.runners.ParentRunner$1.schedule(ParentRunner.java:63)
	at org.junit.runners.ParentRunner.runChildren(ParentRunner.java:236)
	at org.junit.runners.ParentRunner.access$000(ParentRunner.java:53)
	at org.junit.runners.ParentRunner$2.evaluate(ParentRunner.java:229)
	at org.junit.internal.runners.statements.RunBefores.evaluate(RunBefores.java:26)
	at org.junit.internal.runners.statements.RunAfters.evaluate(RunAfters.java:27)
	at org.junit.runners.ParentRunner.run(ParentRunner.java:309)
	at org.apache.maven.surefire.junit4.JUnit4TestSet.execute(JUnit4TestSet.java:53)
	at org.apache.maven.surefire.junit4.JUnit4Provider.executeTestSet(JUnit4Provider.java:123)
	at org.apache.maven.surefire.junit4.JUnit4Provider.invoke(JUnit4Provider.java:104)
	at sun.reflect.NativeMethodAccessorImpl.invoke0(Native Method)
	at sun.reflect.NativeMethodAccessorImpl.invoke(Unknown Source)
	at sun.reflect.DelegatingMethodAccessorImpl.invoke(Unknown Source)
	at java.lang.reflect.Method.invoke(Unknown Source)
	at org.apache.maven.surefire.util.ReflectionUtils.invokeMethodWithArray(ReflectionUtils.java:164)
	at org.apache.maven.surefire.booter.ProviderFactory$ProviderProxy.invoke(ProviderFactory.java:110)
	at org.apache.maven.surefire.booter.SurefireStarter.invokeProvider(SurefireStarter.java:175)
	at org.apache.maven.surefire.booter.SurefireStarter.runSuitesInProcessWhenForked(SurefireStarter.java:107)
	at org.apache.maven.surefire.booter.ForkedBooter.main(ForkedBooter.java:68)
</error>
  </testcase>
  <testcase classname="holdenAUApplitools[Data Row #: 17 ( For URL http:\/\/www.holden.com.au\/cars\/captiva-5\/range\/specifications)](com.cucumber.HoldenApplitoolsPOC.CompareLiveAUwithUATTest)" name="holdenAUApplitools[Data Row #: 17 " time="0">
    <error message="Eyes not open" type="java.lang.IllegalStateException">java.lang.IllegalStateException: Eyes not open
	at com.applitools.utils.ArgumentGuard.isValidState(ArgumentGuard.java:105)
	at com.applitools.eyes.EyesBase.close(EyesBase.java:463)
	at com.applitools.eyes.Eyes.close(Eyes.java:19)
	at com.cucumber.HoldenApplitoolsPOC.CompareLiveAUwithUATTest.holdenAUApplitools(CompareLiveAUwithUATTest.java:53)
	at sun.reflect.GeneratedMethodAccessor24.invoke(Unknown Source)
	at sun.reflect.DelegatingMethodAccessorImpl.invoke(Unknown Source)
	at java.lang.reflect.Method.invoke(Unknown Source)
	at org.junit.runners.model.FrameworkMethod$1.runReflectiveCall(FrameworkMethod.java:47)
	at org.junit.internal.runners.model.ReflectiveCallable.run(ReflectiveCallable.java:12)
	at org.junit.runners.model.FrameworkMethod.invokeExplosively(FrameworkMethod.java:44)
	at org.junit.internal.runners.statements.InvokeMethod.evaluate(InvokeMethod.java:17)
	at org.junit.runners.ParentRunner.runLeaf(ParentRunner.java:271)
	at org.junit.runners.BlockJUnit4ClassRunner.runChild(BlockJUnit4ClassRunner.java:70)
	at org.junit.runners.BlockJUnit4ClassRunner.runChild(BlockJUnit4ClassRunner.java:50)
	at org.junit.runners.ParentRunner$3.run(ParentRunner.java:238)
	at org.junit.runners.ParentRunner$1.schedule(ParentRunner.java:63)
	at org.junit.runners.ParentRunner.runChildren(ParentRunner.java:236)
[...]
	at org.junit.internal.runners.statements.InvokeMethod.evaluate(InvokeMethod.java:17)
	at org.junit.runners.ParentRunner.runLeaf(ParentRunner.java:271)
	at org.junit.runners.BlockJUnit4ClassRunner.runChild(BlockJUnit4ClassRunner.java:70)
	at org.junit.runners.BlockJUnit4ClassRunner.runChild(BlockJUnit4ClassRunner.java:50)
	at org.junit.runners.ParentRunner$3.run(ParentRunner.java:238)
	at org.junit.runners.ParentRunner$1.schedule(ParentRunner.java:63)
	at org.junit.runners.ParentRunner.runChildren(ParentRunner.java:236)
	at org.junit.runners.ParentRunner.access$000(ParentRunner.java:53)
	at org.junit.runners.ParentRunner$2.evaluate(ParentRunner.java:229)
	at org.junit.runners.ParentRunner.run(ParentRunner.java:309)
	at org.junit.runners.Suite.runChild(Suite.java:127)
	at org.junit.runners.Suite.runChild(Suite.java:26)
	at org.junit.runners.ParentRunner$3.run(ParentRunner.java:238)
	at org.junit.runners.ParentRunner$1.schedule(ParentRunner.java:63)
	at org.junit.runners.ParentRunner.runChildren(ParentRunner.java:236)
	at org.junit.runners.ParentRunner.access$000(ParentRunner.java:53)
	at org.junit.runners.ParentRunner$2.evaluate(ParentRunner.java:229)
	at org.junit.internal.runners.statements.RunBefores.evaluate(RunBefores.java:26)
	at org.junit.internal.runners.statements.RunAfters.evaluate(RunAfters.java:27)
	at org.junit.runners.ParentRunner.run(ParentRunner.java:309)
	at org.apache.maven.surefire.junit4.JUnit4TestSet.execute(JUnit4TestSet.java:53)
	at org.apache.maven.surefire.junit4.JUnit4Provider.executeTestSet(JUnit4Provider.java:123)
	at org.apache.maven.surefire.junit4.JUnit4Provider.invoke(JUnit4Provider.java:104)
	at sun.reflect.NativeMethodAccessorImpl.invoke0(Native Method)
	at sun.reflect.NativeMethodAccessorImpl.invoke(Unknown Source)
	at sun.reflect.DelegatingMethodAccessorImpl.invoke(Unknown Source)
	at java.lang.reflect.Method.invoke(Unknown Source)
	at org.apache.maven.surefire.util.ReflectionUtils.invokeMethodWithArray(ReflectionUtils.java:164)
	at org.apache.maven.surefire.booter.ProviderFactory$ProviderProxy.invoke(ProviderFactory.java:110)
	at org.apache.maven.surefire.booter.SurefireStarter.invokeProvider(SurefireStarter.java:175)
	at org.apache.maven.surefire.booter.SurefireStarter.runSuitesInProcessWhenForked(SurefireStarter.java:107)
	at org.apache.maven.surefire.booter.ForkedBooter.main(ForkedBooter.java:68)
</error>
  </testcase>
  <testcase classname="holdenAUApplitools[Data Row #: 163 ( For URL http:\/\/www.holden.com.au\/cars\/ute\/range\/ss-v-redline#features)](com.cucumber.HoldenApplitoolsPOC.CompareLiveAUwithUATTest)" name="holdenAUApplitools[Data Row #: 163 " time="0">
    <error message="Eyes not open" type="java.lang.IllegalStateException">java.lang.IllegalStateException: Eyes not open
	at com.applitools.utils.ArgumentGuard.isValidState(ArgumentGuard.java:105)
	at com.applitools.eyes.EyesBase.close(EyesBase.java:463)
	at com.applitools.eyes.Eyes.close(Eyes.java:19)
	at com.cucumber.HoldenApplitoolsPOC.CompareLiveAUwithUATTest.holdenAUApplitools(CompareLiveAUwithUATTest.java:53)
	at sun.reflect.GeneratedMethodAccessor24.invoke(Unknown Source)
	at sun.reflect.DelegatingMethodAccessorImpl.invoke(Unknown Source)
	at java.lang.reflect.Method.invoke(Unknown Source)
	at org.junit.runners.model.FrameworkMethod$1.runReflectiveCall(FrameworkMethod.java:47)
	at org.junit.internal.runners.model.ReflectiveCallable.run(ReflectiveCallable.java:12)
	at org.junit.runners.model.FrameworkMethod.invokeExplosively(FrameworkMethod.java:44)
	at org.junit.internal.runners.statements.InvokeMethod.evaluate(InvokeMethod.java:17)
	at org.junit.runners.ParentRunner.runLeaf(ParentRunner.java:271)
	at org.junit.runners.BlockJUnit4ClassRunner.runChild(BlockJUnit4ClassRunner.java:70)
	at org.junit.runners.BlockJUnit4ClassRunner.runChild(BlockJUnit4ClassRunner.java:50)
	at org.junit.runners.ParentRunner$3.run(ParentRunner.java:238)
	at org.junit.runners.ParentRunner$1.schedule(ParentRunner.java:63)
	at org.junit.runners.ParentRunner.runChildren(ParentRunner.java:236)
	at org.junit.runners.ParentRunner.access$000(ParentRunner.java:53)
	at org.junit.runners.ParentRunner$2.evaluate(ParentRunner.java:229)
	at org.junit.runners.ParentRunner.run(ParentRunner.java:309)
	at org.junit.runners.Suite.runChild(Suite.java:127)
	at org.junit.runners.Suite.runChild(Suite.java:26)
	at org.junit.runners.ParentRunner$3.run(ParentRunner.java:238)
	at org.junit.runners.ParentRunner$1.schedule(ParentRunner.java:63)
	at org.junit.runners.ParentRunner.runChildren(ParentRunner.java:236)
	at org.junit.runners.ParentRunner.access$000(ParentRunner.java:53)
	at org.junit.runners.ParentRunner$2.evaluate(ParentRunner.java:229)
	at org.junit.internal.runners.statements.RunBefores.evaluate(RunBefores.java:26)
	at org.junit.internal.runners.statements.RunAfters.evaluate(RunAfters.java:27)
	at org.junit.runners.ParentRunner.run(ParentRunner.java:309)
	at org.apache.maven.surefire.junit4.JUnit4TestSet.execute(JUnit4TestSet.java:53)
	at org.apache.maven.surefire.junit4.JUnit4Provider.executeTestSet(JUnit4Provider.java:123)
	at org.apache.maven.surefire.junit4.JUnit4Provider.invoke(JUnit4Provider.java:104)
	at sun.reflect.NativeMethodAccessorImpl.invoke0(Native Method)
	at sun.reflect.NativeMethodAccessorImpl.invoke(Unknown Source)
	at sun.reflect.DelegatingMethodAccessorImpl.invoke(Unknown Source)
	at java.lang.reflect.Method.invoke(Unknown Source)
	at org.apache.maven.surefire.util.ReflectionUtils.invokeMethodWithArray(ReflectionUtils.java:164)
	at org.apache.maven.surefire.booter.ProviderFactory$ProviderProxy.invoke(ProviderFactory.java:110)
	at org.apache.maven.surefire.booter.SurefireStarter.invokeProvider(SurefireStarter.java:175)
	at org.apache.maven.surefire.booter.SurefireStarter.runSuitesInProcessWhenForked(SurefireStarter.java:107)
	at org.apache.maven.surefire.booter.ForkedBooter.main(ForkedBooter.java:68)
</error>
  </testcase>
  <testcase classname="holdenAUApplitools[Data Row #: 164 ( For URL http:\/\/www.holden.com.au\/cars\/ute\/range\/ss-v-redline#specifications)](com.cucumber.HoldenApplitoolsPOC.CompareLiveAUwithUATTest)" name="holdenAUApplitools[Data Row #: 164 " time="0">
    <error message="Eyes not open" type="java.lang.IllegalStateException">java.lang.IllegalStateException: Eyes not open
	at com.applitools.utils.ArgumentGuard.isValidState(ArgumentGuard.java:105)
	at com.applitools.eyes.EyesBase.close(EyesBase.java:463)
	at com.applitools.eyes.Eyes.close(Eyes.java:19)
	at com.cucumber.HoldenApplitoolsPOC.CompareLiveAUwithUATTest.holdenAUApplitools(CompareLiveAUwithUATTest.java:53)
	at sun.reflect.GeneratedMethodAccessor24.invoke(Unknown Source)
	at sun.reflect.DelegatingMethodAccessorImpl.invoke(Unknown Source)
	at java.lang.reflect.Method.invoke(Unknown Source)
	at org.junit.runners.model.FrameworkMethod$1.runReflectiveCall(FrameworkMethod.java:47)
	at org.junit.internal.runners.model.ReflectiveCallable.run(ReflectiveCallable.java:12)
	at org.junit.runners.model.FrameworkMethod.invokeExplosively(FrameworkMethod.java:44)
	at org.junit.internal.runners.statements.InvokeMethod.evaluate(InvokeMethod.java:17)
	at org.junit.runners.ParentRunner.runLeaf(ParentRunner.java:271)
	at org.junit.runners.BlockJUnit4ClassRunner.runChild(BlockJUnit4ClassRunner.java:70)
	at org.junit.runners.BlockJUnit4ClassRunner.runChild(BlockJUnit4ClassRunner.java:50)
	at org.junit.runners.ParentRunner$3.run(ParentRunner.java:238)
	at org.junit.runners.ParentRunner$1.schedule(ParentRunner.java:63)
	at org.junit.runners.ParentRunner.runChildren(ParentRunner.java:236)
	at org.junit.runners.ParentRunner.access$000(ParentRunner.java:53)
	at org.junit.runners.ParentRunner$2.evaluate(ParentRunner.java:229)
	at org.junit.runners.ParentRunner.run(ParentRunner.java:309)
	at org.junit.runners.Suite.runChild(Suite.java:127)
	at org.junit.runners.Suite.runChild(Suite.java:26)
	at org.junit.runners.ParentRunner$3.run(ParentRunner.java:238)
	at org.junit.runners.ParentRunner$1.schedule(ParentRunner.java:63)
	at org.junit.runners.ParentRunner.runChildren(ParentRunner.java:236)
	at org.junit.runners.ParentRunner.access$000(ParentRunner.java:53)
	at org.junit.runners.ParentRunner$2.evaluate(ParentRunner.java:229)
	at org.junit.internal.runners.statements.RunBefores.evaluate(RunBefores.java:26)
	at org.junit.internal.runners.statements.RunAfters.evaluate(RunAfters.java:27)
	at org.junit.runners.ParentRunner.run(ParentRunner.java:309)
	at org.apache.maven.surefire.junit4.JUnit4TestSet.execute(JUnit4TestSet.java:53)
	at org.apache.maven.surefire.junit4.JUnit4Provider.executeTestSet(JUnit4Provider.java:123)
	at org.apache.maven.surefire.junit4.JUnit4Provider.invoke(JUnit4Provider.java:104)
	at sun.reflect.NativeMethodAccessorImpl.invoke0(Native Method)
	at sun.reflect.NativeMethodAccessorImpl.invoke(Unknown Source)
	at sun.reflect.DelegatingMethodAccessorImpl.invoke(Unknown Source)
	at java.lang.reflect.Method.invoke(Unknown Source)
	at org.apache.maven.surefire.util.ReflectionUtils.invokeMethodWithArray(ReflectionUtils.java:164)
	at org.apache.maven.surefire.booter.ProviderFactory$ProviderProxy.invoke(ProviderFactory.java:110)
	at org.apache.maven.surefire.booter.SurefireStarter.invokeProvider(SurefireStarter.java:175)
	at org.apache.maven.surefire.booter.SurefireStarter.runSuitesInProcessWhenForked(SurefireStarter.java:107)
	at org.apache.maven.surefire.booter.ForkedBooter.main(ForkedBooter.java:68)
</error>
  </testcase>
  <testcase classname="holdenAUApplitools[Data Row #: 165 ( For URL http:\/\/www.holden.com.au\/cars\/ute\/range\/sv6#accessories)](com.cucumber.HoldenApplitoolsPOC.CompareLiveAUwithUATTest)" name="holdenAUApplitools[Data Row #: 165 " time="0">
    <error message="Eyes not open" type="java.lang.IllegalStateException">java.lang.IllegalStateException: Eyes not open
	at com.applitools.utils.ArgumentGuard.isValidState(ArgumentGuard.java:105)
	at com.applitools.eyes.EyesBase.close(EyesBase.java:463)
	at com.applitools.eyes.Eyes.close(Eyes.java:19)
	at com.cucumber.HoldenApplitoolsPOC.CompareLiveAUwithUATTest.holdenAUApplitools(CompareLiveAUwithUATTest.java:53)
	at sun.reflect.GeneratedMethodAccessor24.invoke(Unknown Source)
	at sun.reflect.DelegatingMethodAccessorImpl.invoke(Unknown Source)
	at java.lang.reflect.Method.invoke(Unknown Source)
	at org.junit.runners.model.FrameworkMethod$1.runReflectiveCall(FrameworkMethod.java:47)
	at org.junit.internal.runners.model.ReflectiveCallable.run(ReflectiveCallable.java:12)
	at org.junit.runners.model.FrameworkMethod.invokeExplosively(FrameworkMethod.java:44)
	at org.junit.internal.runners.statements.InvokeMethod.evaluate(InvokeMethod.java:17)
	at org.junit.runners.ParentRunner.runLeaf(ParentRunner.java:271)
	at org.junit.runners.BlockJUnit4ClassRunner.runChild(BlockJUnit4ClassRunner.java:70)
	at org.junit.runners.BlockJUnit4ClassRunner.runChild(BlockJUnit4ClassRunner.java:50)
	at org.junit.runners.ParentRunner$3.run(ParentRunner.java:238)
	at org.junit.runners.ParentRunner$1.schedule(ParentRunner.java:63)
	at org.junit.runners.ParentRunner.runChildren(ParentRunner.java:236)
	at org.junit.runners.ParentRunner.access$000(ParentRunner.java:53)
	at org.junit.runners.ParentRunner$2.evaluate(ParentRunner.java:229)
	at org.junit.runners.ParentRunner.run(ParentRunner.java:309)
	at org.junit.runners.Suite.runChild(Suite.java:127)
	at org.junit.runners.Suite.runChild(Suite.java:26)
	at org.junit.runners.ParentRunner$3.run(ParentRunner.java:238)
	at org.junit.runners.ParentRunner$1.schedule(ParentRunner.java:63)
	at org.junit.runners.ParentRunner.runChildren(ParentRunner.java:236)
	at org.junit.runners.ParentRunner.access$000(ParentRunner.java:53)
	at org.junit.runners.ParentRunner$2.evaluate(ParentRunner.java:229)
	at org.junit.internal.runners.statements.RunBefores.evaluate(RunBefores.java:26)
	at org.junit.internal.runners.statements.RunAfters.evaluate(RunAfters.java:27)
	at org.junit.runners.ParentRunner.run(ParentRunner.java:309)
	at org.apache.maven.surefire.junit4.JUnit4TestSet.execute(JUnit4TestSet.java:53)
	at org.apache.maven.surefire.junit4.JUnit4Provider.executeTestSet(JUnit4Provider.java:123)
	at org.apache.maven.surefire.junit4.JUnit4Provider.invoke(JUnit4Provider.java:104)
	at sun.reflect.NativeMethodAccessorImpl.invoke0(Native Method)
	at sun.reflect.NativeMethodAccessorImpl.invoke(Unknown Source)
	at sun.reflect.DelegatingMethodAccessorImpl.invoke(Unknown Source)
	at java.lang.reflect.Method.invoke(Unknown Source)
	at org.apache.maven.surefire.util.ReflectionUtils.invokeMethodWithArray(ReflectionUtils.java:164)
	at org.apache.maven.surefire.booter.ProviderFactory$ProviderProxy.invoke(ProviderFactory.java:110)
	at org.apache.maven.surefire.booter.SurefireStarter.invokeProvider(SurefireStarter.java:175)
	at org.apache.maven.surefire.booter.SurefireStarter.runSuitesInProcessWhenForked(SurefireStarter.java:107)
	at org.apache.maven.surefire.booter.ForkedBooter.main(ForkedBooter.java:68)
</error>
  </testcase>
  <testcase classname="holdenAUApplitools[Data Row #: 166 ( For URL http:\/\/www.holden.com.au\/cars\/ute\/range\/sv6#features)](com.cucumber.HoldenApplitoolsPOC.CompareLiveAUwithUATTest)" name="holdenAUApplitools[Data Row #: 166 " time="0.001">
    <error message="Eyes not open" type="java.lang.IllegalStateException">java.lang.IllegalStateException: Eyes not open
	at com.applitools.utils.ArgumentGuard.isValidState(ArgumentGuard.java:105)
	at com.applitools.eyes.EyesBase.close(EyesBase.java:463)
	at com.applitools.eyes.Eyes.close(Eyes.java:19)
	at com.cucumber.HoldenApplitoolsPOC.CompareLiveAUwithUATTest.holdenAUApplitools(CompareLiveAUwithUATTest.java:53)
	at sun.reflect.GeneratedMethodAccessor24.invoke(Unknown Source)
	at sun.reflect.DelegatingMethodAccessorImpl.invoke(Unknown Source)
	at java.lang.reflect.Method.invoke(Unknown Source)
	at org.junit.runners.model.FrameworkMethod$1.runReflectiveCall(FrameworkMethod.java:47)
	at org.junit.internal.runners.model.ReflectiveCallable.run(ReflectiveCallable.java:12)
	at org.junit.runners.model.FrameworkMethod.invokeExplosively(FrameworkMethod.java:44)
	at org.junit.internal.runners.statements.InvokeMethod.evaluate(InvokeMethod.java:17)
	at org.junit.runners.ParentRunner.runLeaf(ParentRunner.java:271)
	at org.junit.runners.BlockJUnit4ClassRunner.runChild(BlockJUnit4ClassRunner.java:70)
	at org.junit.runners.BlockJUnit4ClassRunner.runChild(BlockJUnit4ClassRunner.java:50)
	at org.junit.runners.ParentRunner$3.run(ParentRunner.java:238)
	at org.junit.runners.ParentRunner$1.schedule(ParentRunner.java:63)
	at org.junit.runners.ParentRunner.runChildren(ParentRunner.java:236)
	at org.junit.runners.ParentRunner.access$000(ParentRunner.java:53)
	at org.junit.runners.ParentRunner$2.evaluate(ParentRunner.java:229)
	at org.junit.runners.ParentRunner.run(ParentRunner.java:309)
	at org.junit.runners.Suite.runChild(Suite.java:127)
	at org.junit.runners.Suite.runChild(Suite.java:26)
	at org.junit.runners.ParentRunner$3.run(ParentRunner.java:238)
	at org.junit.runners.ParentRunner$1.schedule(ParentRunner.java:63)
	at org.junit.runners.ParentRunner.runChildren(ParentRunner.java:236)
	at org.junit.runners.ParentRunner.access$000(ParentRunner.java:53)
	at org.junit.runners.ParentRunner$2.evaluate(ParentRunner.java:229)
	at org.junit.internal.runners.statements.RunBefores.evaluate(RunBefores.java:26)
	at org.junit.internal.runners.statements.RunAfters.evaluate(RunAfters.java:27)
	at org.junit.runners.ParentRunner.run(ParentRunner.java:309)
	at org.apache.maven.surefire.junit4.JUnit4TestSet.execute(JUnit4TestSet.java:53)
	at org.apache.maven.surefire.junit4.JUnit4Provider.executeTestSet(JUnit4Provider.java:123)
	at org.apache.maven.surefire.junit4.JUnit4Provider.invoke(JUnit4Provider.java:104)
	at sun.reflect.NativeMethodAccessorImpl.invoke0(Native Method)
	at sun.reflect.NativeMethodAccessorImpl.invoke(Unknown Source)
	at sun.reflect.DelegatingMethodAccessorImpl.invoke(Unknown Source)
	at java.lang.reflect.Method.invoke(Unknown Source)
	at org.apache.maven.surefire.util.ReflectionUtils.invokeMethodWithArray(ReflectionUtils.java:164)
	at org.apache.maven.surefire.booter.ProviderFactory$ProviderProxy.invoke(ProviderFactory.java:110)
	at org.apache.maven.surefire.booter.SurefireStarter.invokeProvider(SurefireStarter.java:175)
	at org.apache.maven.surefire.booter.SurefireStarter.runSuitesInProcessWhenForked(SurefireStarter.java:107)
	at org.apache.maven.surefire.booter.ForkedBooter.main(ForkedBooter.java:68)
</error>
  </testcase>
  <testcase classname="holdenAUApplitools[Data Row #: 167 ( For URL http:\/\/www.holden.com.au\/cars\/ute\/range\/sv6#specifications)](com.cucumber.HoldenApplitoolsPOC.CompareLiveAUwithUATTest)" name="holdenAUApplitools[Data Row #: 167 " time="0">
    <error message="Eyes not open" type="java.lang.IllegalStateException">java.lang.IllegalStateException: Eyes not open
	at com.applitools.utils.ArgumentGuard.isValidState(ArgumentGuard.java:105)
	at com.applitools.eyes.EyesBase.close(EyesBase.java:463)
	at com.applitools.eyes.Eyes.close(Eyes.java:19)
	at com.cucumber.HoldenApplitoolsPOC.CompareLiveAUwithUATTest.holdenAUApplitools(CompareLiveAUwithUATTest.java:53)
	at sun.reflect.GeneratedMethodAccessor24.invoke(Unknown Source)
	at sun.reflect.DelegatingMethodAccessorImpl.invoke(Unknown Source)
	at java.lang.reflect.Method.invoke(Unknown Source)
	at org.junit.runners.model.FrameworkMethod$1.runReflectiveCall(FrameworkMethod.java:47)
	at org.junit.internal.runners.model.ReflectiveCallable.run(ReflectiveCallable.java:12)
	at org.junit.runners.model.FrameworkMethod.invokeExplosively(FrameworkMethod.java:44)
	at org.junit.internal.runners.statements.InvokeMethod.evaluate(InvokeMethod.java:17)
	at org.junit.runners.ParentRunner.runLeaf(ParentRunner.java:271)
	at org.junit.runners.BlockJUnit4ClassRunner.runChild(BlockJUnit4ClassRunner.java:70)
	at org.junit.runners.BlockJUnit4ClassRunner.runChild(BlockJUnit4ClassRunner.java:50)
	at org.junit.runners.ParentRunner$3.run(ParentRunner.java:238)
	at org.junit.runners.ParentRunner$1.schedule(ParentRunner.java:63)
	at org.junit.runners.ParentRunner.runChildren(ParentRunner.java:236)
	at org.junit.runners.ParentRunner.access$000(ParentRunner.java:53)
	at org.junit.runners.ParentRunner$2.evaluate(ParentRunner.java:229)
	at org.junit.runners.ParentRunner.run(ParentRunner.java:309)
	at org.junit.runners.Suite.runChild(Suite.java:127)
	at org.junit.runners.Suite.runChild(Suite.java:26)
	at org.junit.runners.ParentRunner$3.run(ParentRunner.java:238)
	at org.junit.runners.ParentRunner$1.schedule(ParentRunner.java:63)
	at org.junit.runners.ParentRunner.runChildren(ParentRunner.java:236)
	at org.junit.runners.ParentRunner.access$000(ParentRunner.java:53)
	at org.junit.runners.ParentRunner$2.evaluate(ParentRunner.java:229)
	at org.junit.internal.runners.statements.RunBefores.evaluate(RunBefores.java:26)
	at org.junit.internal.runners.statements.RunAfters.evaluate(RunAfters.java:27)
	at org.junit.runners.ParentRunner.run(ParentRunner.java:309)
	at org.apache.maven.surefire.junit4.JUnit4TestSet.execute(JUnit4TestSet.java:53)
	at org.apache.maven.surefire.junit4.JUnit4Provider.executeTestSet(JUnit4Provider.java:123)
	at org.apache.maven.surefire.junit4.JUnit4Provider.invoke(JUnit4Provider.java:104)
	at sun.reflect.NativeMethodAccessorImpl.invoke0(Native Method)
	at sun.reflect.NativeMethodAccessorImpl.invoke(Unknown Source)
	at sun.reflect.DelegatingMethodAccessorImpl.invoke(Unknown Source)
	at java.lang.reflect.Method.invoke(Unknown Source)
	at org.apache.maven.surefire.util.ReflectionUtils.invokeMethodWithArray(ReflectionUtils.java:164)
	at org.apache.maven.surefire.booter.ProviderFactory$ProviderProxy.invoke(ProviderFactory.java:110)
	at org.apache.maven.surefire.booter.SurefireStarter.invokeProvider(SurefireStarter.java:175)
	at org.apache.maven.surefire.booter.SurefireStarter.runSuitesInProcessWhenForked(SurefireStarter.java:107)
	at org.apache.maven.surefire.booter.ForkedBooter.main(ForkedBooter.java:68)
</error>
  </testcase>
</testsuite>